# JRE version: OpenJDK Runtime Environment (11.0.8+10) (build 11.0.8+10-b944.6842174)
# Java VM: OpenJDK 64-Bit Server VM (11.0.8+10-b944.6842174, mixed mode, tiered, compressed oops, g1 gc, windows-amd64)
Heap:
 garbage-first heap   total 280576K, used 171712K [0x0000000080000000, 0x0000000100000000)
  region size 1024K, 3 young (3072K), 3 survivors (3072K)
 Metaspace       used 97923K, capacity 100526K, committed 102604K, reserved 1136640K
  class space    used 12803K, capacity 13790K, committed 14592K, reserved 1048576K
GC Heap History (20 events):
Event: 8.211 GC heap after
{Heap after GC invocations=15 (full 0):
 garbage-first heap   total 189440K, used 58261K [0x0000000080000000, 0x0000000100000000)
  region size 1024K, 11 young (11264K), 11 survivors (11264K)
 Metaspace       used 75863K, capacity 77759K, committed 78028K, reserved 1116160K
  class space    used 9952K, capacity 10631K, committed 10752K, reserved 1048576K
}
Event: 8.831 GC heap before
{Heap before GC invocations=15 (full 0):
 garbage-first heap   total 189440K, used 145301K [0x0000000080000000, 0x0000000100000000)
  region size 1024K, 97 young (99328K), 11 survivors (11264K)
 Metaspace       used 77582K, capacity 79638K, committed 79820K, reserved 1118208K
  class space    used 10154K, capacity 10893K, committed 11008K, reserved 1048576K
}
Event: 8.842 GC heap after
{Heap after GC invocations=16 (full 0):
 garbage-first heap   total 189440K, used 65089K [0x0000000080000000, 0x0000000100000000)
  region size 1024K, 13 young (13312K), 13 survivors (13312K)
 Metaspace       used 77582K, capacity 79638K, committed 79820K, reserved 1118208K
  class space    used 10154K, capacity 10893K, committed 11008K, reserved 1048576K
}
Event: 10.426 GC heap before
{Heap before GC invocations=16 (full 0):
 garbage-first heap   total 189440K, used 149057K [0x0000000080000000, 0x0000000100000000)
  region size 1024K, 94 young (96256K), 13 survivors (13312K)
 Metaspace       used 86548K, capacity 88765K, committed 88908K, reserved 1126400K
  class space    used 11224K, capacity 12050K, committed 12160K, reserved 1048576K
}
Event: 10.437 GC heap after
{Heap after GC invocations=17 (full 0):
 garbage-first heap   total 189440K, used 71210K [0x0000000080000000, 0x0000000100000000)
  region size 1024K, 5 young (5120K), 5 survivors (5120K)
 Metaspace       used 86548K, capacity 88765K, committed 88908K, reserved 1126400K
  class space    used 11224K, capacity 12050K, committed 12160K, reserved 1048576K
}
Event: 11.056 GC heap before
{Heap before GC invocations=17 (full 0):
 garbage-first heap   total 189440K, used 152106K [0x0000000080000000, 0x0000000100000000)
  region size 1024K, 83 young (84992K), 5 survivors (5120K)
 Metaspace       used 92007K, capacity 94576K, committed 94796K, reserved 1130496K
  class space    used 12007K, capacity 12925K, committed 12928K, reserved 1048576K
}
Event: 11.066 GC heap after
{Heap after GC invocations=18 (full 0):
 garbage-first heap   total 227328K, used 79599K [0x0000000080000000, 0x0000000100000000)
  region size 1024K, 11 young (11264K), 11 survivors (11264K)
 Metaspace       used 92007K, capacity 94576K, committed 94796K, reserved 1130496K
  class space    used 12007K, capacity 12925K, committed 12928K, reserved 1048576K
}
Event: 11.663 GC heap before
{Heap before GC invocations=18 (full 0):
 garbage-first heap   total 227328K, used 177903K [0x0000000080000000, 0x0000000100000000)
  region size 1024K, 101 young (103424K), 11 survivors (11264K)
 Metaspace       used 97573K, capacity 100727K, committed 100820K, reserved 1136640K
  class space    used 12979K, capacity 14245K, committed 14336K, reserved 1048576K
}
Event: 11.673 GC heap after
{Heap after GC invocations=19 (full 0):
 garbage-first heap   total 227328K, used 86474K [0x0000000080000000, 0x0000000100000000)
  region size 1024K, 5 young (5120K), 5 survivors (5120K)
 Metaspace       used 97573K, capacity 100727K, committed 100820K, reserved 1136640K
  class space    used 12979K, capacity 14245K, committed 14336K, reserved 1048576K
}
Event: 11.925 GC heap before
{Heap before GC invocations=20 (full 0):
 garbage-first heap   total 227328K, used 141770K [0x0000000080000000, 0x0000000100000000)
  region size 1024K, 42 young (43008K), 5 survivors (5120K)
 Metaspace       used 97639K, capacity 100741K, committed 101332K, reserved 1136640K
  class space    used 12947K, capacity 14162K, committed 14336K, reserved 1048576K
}
Event: 11.952 GC heap after
{Heap after GC invocations=21 (full 0):
 garbage-first heap   total 227328K, used 110473K [0x0000000080000000, 0x0000000100000000)
  region size 1024K, 12 young (12288K), 12 survivors (12288K)
 Metaspace       used 97639K, capacity 100741K, committed 101332K, reserved 1136640K
  class space    used 12947K, capacity 14162K, committed 14336K, reserved 1048576K
}
Event: 12.420 GC heap before
{Heap before GC invocations=22 (full 0):
 garbage-first heap   total 227328K, used 176009K [0x0000000080000000, 0x0000000100000000)
  region size 1024K, 77 young (78848K), 12 survivors (12288K)
 Metaspace       used 98323K, capacity 101282K, committed 102356K, reserved 1136640K
  class space    used 13044K, capacity 14227K, committed 14592K, reserved 1048576K
}
Event: 12.462 GC heap after
{Heap after GC invocations=23 (full 0):
 garbage-first heap   total 227328K, used 146049K [0x0000000080000000, 0x0000000100000000)
  region size 1024K, 10 young (10240K), 10 survivors (10240K)
 Metaspace       used 98323K, capacity 101282K, committed 102356K, reserved 1136640K
  class space    used 13044K, capacity 14227K, committed 14592K, reserved 1048576K
}
Event: 12.467 GC heap before
{Heap before GC invocations=23 (full 0):
 garbage-first heap   total 227328K, used 146049K [0x0000000080000000, 0x0000000100000000)
  region size 1024K, 11 young (11264K), 10 survivors (10240K)
 Metaspace       used 98323K, capacity 101282K, committed 102356K, reserved 1136640K
  class space    used 13044K, capacity 14227K, committed 14592K, reserved 1048576K
}
Event: 12.484 GC heap after
{Heap after GC invocations=24 (full 0):
 garbage-first heap   total 227328K, used 150165K [0x0000000080000000, 0x0000000100000000)
  region size 1024K, 2 young (2048K), 2 survivors (2048K)
 Metaspace       used 98323K, capacity 101282K, committed 102356K, reserved 1136640K
  class space    used 13044K, capacity 14227K, committed 14592K, reserved 1048576K
}
Event: 12.664 GC heap before
{Heap before GC invocations=24 (full 0):
 garbage-first heap   total 227328K, used 171669K [0x0000000080000000, 0x0000000100000000)
  region size 1024K, 22 young (22528K), 2 survivors (2048K)
 Metaspace       used 98479K, capacity 101431K, committed 102356K, reserved 1136640K
  class space    used 13045K, capacity 14227K, committed 14592K, reserved 1048576K
}
Event: 12.674 GC heap after
{Heap after GC invocations=25 (full 0):
 garbage-first heap   total 227328K, used 160768K [0x0000000080000000, 0x0000000100000000)
  region size 1024K, 3 young (3072K), 3 survivors (3072K)
 Metaspace       used 98479K, capacity 101431K, committed 102356K, reserved 1136640K
  class space    used 13045K, capacity 14227K, committed 14592K, reserved 1048576K
}
Event: 12.879 GC heap before
{Heap before GC invocations=26 (full 0):
 garbage-first heap   total 227328K, used 179200K [0x0000000080000000, 0x0000000100000000)
  region size 1024K, 20 young (20480K), 3 survivors (3072K)
 Metaspace       used 97909K, capacity 100462K, committed 102356K, reserved 1136640K
  class space    used 12803K, capacity 13790K, committed 14592K, reserved 1048576K
}
Event: 12.892 GC heap after
{Heap after GC invocations=27 (full 0):
 garbage-first heap   total 227328K, used 166279K [0x0000000080000000, 0x0000000100000000)
  region size 1024K, 3 young (3072K), 3 survivors (3072K)
 Metaspace       used 97909K, capacity 100462K, committed 102356K, reserved 1136640K
  class space    used 12803K, capacity 13790K, committed 14592K, reserved 1048576K
}
Event: 13.009 GC heap before
{Heap before GC invocations=27 (full 0):
 garbage-first heap   total 227328K, used 182663K [0x0000000080000000, 0x0000000100000000)
  region size 1024K, 19 young (19456K), 3 survivors (3072K)
 Metaspace       used 97923K, capacity 100526K, committed 102604K, reserved 1136640K
  class space    used 12803K, capacity 13790K, committed 14592K, reserved 1048576K
}

