# JRE version: OpenJDK Runtime Environment (11.0.8+10) (build 11.0.8+10-b944.6842174)
# Java VM: OpenJDK 64-Bit Server VM (11.0.8+10-b944.6842174, mixed mode, tiered, compressed oops, g1 gc, windows-amd64)
Heap:
 garbage-first heap   total 397312K, used 199293K [0x0000000080000000, 0x0000000100000000)
  region size 1024K, 7 young (7168K), 7 survivors (7168K)
 Metaspace       used 100604K, capacity 103240K, committed 103552K, reserved 1138688K
  class space    used 12934K, capacity 13889K, committed 13952K, reserved 1048576K
GC Heap History (20 events):
Event: 12.185 GC heap after
{Heap after GC invocations=26 (full 0):
 garbage-first heap   total 227328K, used 140599K [0x0000000080000000, 0x0000000100000000)
  region size 1024K, 8 young (8192K), 8 survivors (8192K)
 Metaspace       used 89997K, capacity 92397K, committed 92800K, reserved 1130496K
  class space    used 11643K, capacity 12493K, committed 12672K, reserved 1048576K
}
Event: 12.200 GC heap before
{Heap before GC invocations=26 (full 0):
 garbage-first heap   total 227328K, used 143671K [0x0000000080000000, 0x0000000100000000)
  region size 1024K, 11 young (11264K), 8 survivors (8192K)
 Metaspace       used 90000K, capacity 92397K, committed 92800K, reserved 1130496K
  class space    used 11643K, capacity 12493K, committed 12672K, reserved 1048576K
}
Event: 12.216 GC heap after
{Heap after GC invocations=27 (full 0):
 garbage-first heap   total 227328K, used 141312K [0x0000000080000000, 0x0000000100000000)
  region size 1024K, 2 young (2048K), 2 survivors (2048K)
 Metaspace       used 90000K, capacity 92397K, committed 92800K, reserved 1130496K
  class space    used 11643K, capacity 12493K, committed 12672K, reserved 1048576K
}
Event: 12.330 GC heap before
{Heap before GC invocations=27 (full 0):
 garbage-first heap   total 227328K, used 178176K [0x0000000080000000, 0x0000000100000000)
  region size 1024K, 38 young (38912K), 2 survivors (2048K)
 Metaspace       used 90026K, capacity 92400K, committed 92800K, reserved 1130496K
  class space    used 11643K, capacity 12493K, committed 12672K, reserved 1048576K
}
Event: 12.348 GC heap after
{Heap after GC invocations=28 (full 0):
 garbage-first heap   total 275456K, used 161792K [0x0000000080000000, 0x0000000100000000)
  region size 1024K, 5 young (5120K), 5 survivors (5120K)
 Metaspace       used 90026K, capacity 92400K, committed 92800K, reserved 1130496K
  class space    used 11643K, capacity 12493K, committed 12672K, reserved 1048576K
}
Event: 12.762 GC heap before
{Heap before GC invocations=29 (full 0):
 garbage-first heap   total 275456K, used 200704K [0x0000000080000000, 0x0000000100000000)
  region size 1024K, 47 young (48128K), 5 survivors (5120K)
 Metaspace       used 91979K, capacity 94464K, committed 94592K, reserved 1130496K
  class space    used 11930K, capacity 12823K, committed 12928K, reserved 1048576K
}
Event: 12.781 GC heap after
{Heap after GC invocations=30 (full 0):
 garbage-first heap   total 275456K, used 169711K [0x0000000080000000, 0x0000000100000000)
  region size 1024K, 6 young (6144K), 6 survivors (6144K)
 Metaspace       used 91979K, capacity 94464K, committed 94592K, reserved 1130496K
  class space    used 11930K, capacity 12823K, committed 12928K, reserved 1048576K
}
Event: 12.893 GC heap before
{Heap before GC invocations=30 (full 0):
 garbage-first heap   total 275456K, used 176879K [0x0000000080000000, 0x0000000100000000)
  region size 1024K, 13 young (13312K), 6 survivors (6144K)
 Metaspace       used 92112K, capacity 94550K, committed 94848K, reserved 1130496K
  class space    used 11936K, capacity 12827K, committed 12928K, reserved 1048576K
}
Event: 12.903 GC heap after
{Heap after GC invocations=31 (full 0):
 garbage-first heap   total 275456K, used 169798K [0x0000000080000000, 0x0000000100000000)
  region size 1024K, 2 young (2048K), 2 survivors (2048K)
 Metaspace       used 92112K, capacity 94550K, committed 94848K, reserved 1130496K
  class space    used 11936K, capacity 12827K, committed 12928K, reserved 1048576K
}
Event: 12.937 GC heap before
{Heap before GC invocations=31 (full 0):
 garbage-first heap   total 275456K, used 172870K [0x0000000080000000, 0x0000000100000000)
  region size 1024K, 6 young (6144K), 2 survivors (2048K)
 Metaspace       used 92118K, capacity 94551K, committed 94848K, reserved 1130496K
  class space    used 11936K, capacity 12827K, committed 12928K, reserved 1048576K
}
Event: 12.943 GC heap after
{Heap after GC invocations=32 (full 0):
 garbage-first heap   total 275456K, used 170003K [0x0000000080000000, 0x0000000100000000)
  region size 1024K, 3 young (3072K), 3 survivors (3072K)
 Metaspace       used 92118K, capacity 94551K, committed 94848K, reserved 1130496K
  class space    used 11936K, capacity 12827K, committed 12928K, reserved 1048576K
}
Event: 13.848 GC heap before
{Heap before GC invocations=33 (full 0):
 garbage-first heap   total 275456K, used 215059K [0x0000000080000000, 0x0000000100000000)
  region size 1024K, 40 young (40960K), 3 survivors (3072K)
 Metaspace       used 92707K, capacity 95212K, committed 95360K, reserved 1132544K
  class space    used 11988K, capacity 12893K, committed 12928K, reserved 1048576K
}
Event: 13.859 GC heap after
{Heap after GC invocations=34 (full 0):
 garbage-first heap   total 330752K, used 184960K [0x0000000080000000, 0x0000000100000000)
  region size 1024K, 5 young (5120K), 5 survivors (5120K)
 Metaspace       used 92707K, capacity 95212K, committed 95360K, reserved 1132544K
  class space    used 11988K, capacity 12893K, committed 12928K, reserved 1048576K
}
Event: 13.944 GC heap before
{Heap before GC invocations=34 (full 0):
 garbage-first heap   total 330752K, used 200320K [0x0000000080000000, 0x0000000100000000)
  region size 1024K, 16 young (16384K), 5 survivors (5120K)
 Metaspace       used 92966K, capacity 95447K, committed 95616K, reserved 1132544K
  class space    used 12017K, capacity 12927K, committed 12928K, reserved 1048576K
}
Event: 13.952 GC heap after
{Heap after GC invocations=35 (full 0):
 garbage-first heap   total 330752K, used 185657K [0x0000000080000000, 0x0000000100000000)
  region size 1024K, 2 young (2048K), 2 survivors (2048K)
 Metaspace       used 92966K, capacity 95447K, committed 95616K, reserved 1132544K
  class space    used 12017K, capacity 12927K, committed 12928K, reserved 1048576K
}
Event: 14.084 GC heap before
{Heap before GC invocations=35 (full 0):
 garbage-first heap   total 330752K, used 241977K [0x0000000080000000, 0x0000000100000000)
  region size 1024K, 56 young (57344K), 2 survivors (2048K)
 Metaspace       used 93456K, capacity 95947K, committed 96256K, reserved 1132544K
  class space    used 12053K, capacity 12964K, committed 13056K, reserved 1048576K
}
Event: 14.093 GC heap after
{Heap after GC invocations=36 (full 0):
 garbage-first heap   total 330752K, used 193274K [0x0000000080000000, 0x0000000100000000)
  region size 1024K, 7 young (7168K), 7 survivors (7168K)
 Metaspace       used 93456K, capacity 95947K, committed 96256K, reserved 1132544K
  class space    used 12053K, capacity 12964K, committed 13056K, reserved 1048576K
}
Event: 14.348 GC heap before
{Heap before GC invocations=36 (full 0):
 garbage-first heap   total 330752K, used 253690K [0x0000000080000000, 0x0000000100000000)
  region size 1024K, 61 young (62464K), 7 survivors (7168K)
 Metaspace       used 93785K, capacity 96312K, committed 96512K, reserved 1132544K
  class space    used 12088K, capacity 13000K, committed 13056K, reserved 1048576K
}
Event: 14.356 GC heap after
{Heap after GC invocations=37 (full 0):
 garbage-first heap   total 330752K, used 202332K [0x0000000080000000, 0x0000000100000000)
  region size 1024K, 4 young (4096K), 4 survivors (4096K)
 Metaspace       used 93785K, capacity 96312K, committed 96512K, reserved 1132544K
  class space    used 12088K, capacity 13000K, committed 13056K, reserved 1048576K
}
Event: 15.187 GC heap before
{Heap before GC invocations=38 (full 0):
 garbage-first heap   total 330752K, used 258652K [0x0000000080000000, 0x0000000100000000)
  region size 1024K, 58 young (59392K), 4 survivors (4096K)
 Metaspace       used 100604K, capacity 103240K, committed 103552K, reserved 1138688K
  class space    used 12934K, capacity 13889K, committed 13952K, reserved 1048576K
}

