# JRE version: OpenJDK Runtime Environment (11.0.8+10) (build 11.0.8+10-b944.6842174)
# Java VM: OpenJDK 64-Bit Server VM (11.0.8+10-b944.6842174, mixed mode, tiered, compressed oops, g1 gc, windows-amd64)
Heap:
 garbage-first heap   total 328704K, used 204304K [0x0000000080000000, 0x0000000100000000)
  region size 1024K, 19 young (19456K), 3 survivors (3072K)
 Metaspace       used 106689K, capacity 109345K, committed 111436K, reserved 1144832K
  class space    used 13653K, capacity 14631K, committed 15488K, reserved 1048576K
GC Heap History (20 events):
Event: 15.625 GC heap before
{Heap before GC invocations=25 (full 0):
 garbage-first heap   total 189440K, used 148077K [0x0000000080000000, 0x0000000100000000)
  region size 1024K, 60 young (61440K), 9 survivors (9216K)
 Metaspace       used 104609K, capacity 107813K, committed 107980K, reserved 1142784K
  class space    used 13739K, capacity 15007K, committed 15104K, reserved 1048576K
}
Event: 15.646 GC heap after
{Heap after GC invocations=26 (full 0):
 garbage-first heap   total 189440K, used 104649K [0x0000000080000000, 0x0000000100000000)
  region size 1024K, 8 young (8192K), 8 survivors (8192K)
 Metaspace       used 104609K, capacity 107813K, committed 107980K, reserved 1142784K
  class space    used 13739K, capacity 15007K, committed 15104K, reserved 1048576K
}
Event: 16.018 GC heap before
{Heap before GC invocations=27 (full 0):
 garbage-first heap   total 189440K, used 146633K [0x0000000080000000, 0x0000000100000000)
  region size 1024K, 51 young (52224K), 8 survivors (8192K)
 Metaspace       used 106263K, capacity 109543K, committed 109644K, reserved 1144832K
  class space    used 13900K, capacity 15207K, committed 15232K, reserved 1048576K
}
Event: 16.029 GC heap after
{Heap after GC invocations=28 (full 0):
 garbage-first heap   total 189440K, used 108758K [0x0000000080000000, 0x0000000100000000)
  region size 1024K, 5 young (5120K), 5 survivors (5120K)
 Metaspace       used 106263K, capacity 109543K, committed 109644K, reserved 1144832K
  class space    used 13900K, capacity 15207K, committed 15232K, reserved 1048576K
}
Event: 16.284 GC heap before
{Heap before GC invocations=29 (full 0):
 garbage-first heap   total 189440K, used 122070K [0x0000000080000000, 0x0000000100000000)
  region size 1024K, 13 young (13312K), 5 survivors (5120K)
 Metaspace       used 106560K, capacity 109753K, committed 110284K, reserved 1144832K
  class space    used 13883K, capacity 15134K, committed 15360K, reserved 1048576K
}
Event: 16.290 GC heap after
{Heap after GC invocations=30 (full 0):
 garbage-first heap   total 189440K, used 112039K [0x0000000080000000, 0x0000000100000000)
  region size 1024K, 2 young (2048K), 2 survivors (2048K)
 Metaspace       used 106560K, capacity 109753K, committed 110284K, reserved 1144832K
  class space    used 13883K, capacity 15134K, committed 15360K, reserved 1048576K
}
Event: 16.598 GC heap before
{Heap before GC invocations=31 (full 0):
 garbage-first heap   total 189440K, used 175527K [0x0000000080000000, 0x0000000100000000)
  region size 1024K, 46 young (47104K), 2 survivors (2048K)
 Metaspace       used 106322K, capacity 109060K, committed 110924K, reserved 1144832K
  class space    used 13676K, capacity 14682K, committed 15488K, reserved 1048576K
}
Event: 16.620 GC heap after
{Heap after GC invocations=32 (full 0):
 garbage-first heap   total 197632K, used 139950K [0x0000000080000000, 0x0000000100000000)
  region size 1024K, 6 young (6144K), 6 survivors (6144K)
 Metaspace       used 106322K, capacity 109060K, committed 110924K, reserved 1144832K
  class space    used 13676K, capacity 14682K, committed 15488K, reserved 1048576K
}
Event: 16.666 GC heap before
{Heap before GC invocations=32 (full 0):
 garbage-first heap   total 197632K, used 143022K [0x0000000080000000, 0x0000000100000000)
  region size 1024K, 9 young (9216K), 6 survivors (6144K)
 Metaspace       used 106447K, capacity 109193K, committed 111180K, reserved 1144832K
  class space    used 13676K, capacity 14682K, committed 15488K, reserved 1048576K
}
Event: 16.680 GC heap after
{Heap after GC invocations=33 (full 0):
 garbage-first heap   total 237568K, used 127797K [0x0000000080000000, 0x0000000100000000)
  region size 1024K, 2 young (2048K), 2 survivors (2048K)
 Metaspace       used 106447K, capacity 109193K, committed 111180K, reserved 1144832K
  class space    used 13676K, capacity 14682K, committed 15488K, reserved 1048576K
}
Event: 17.032 GC heap before
{Heap before GC invocations=33 (full 0):
 garbage-first heap   total 237568K, used 178997K [0x0000000080000000, 0x0000000100000000)
  region size 1024K, 54 young (55296K), 2 survivors (2048K)
 Metaspace       used 106542K, capacity 109324K, committed 111180K, reserved 1144832K
  class space    used 13676K, capacity 14682K, committed 15488K, reserved 1048576K
}
Event: 17.064 GC heap after
{Heap after GC invocations=34 (full 0):
 garbage-first heap   total 237568K, used 157174K [0x0000000080000000, 0x0000000100000000)
  region size 1024K, 7 young (7168K), 7 survivors (7168K)
 Metaspace       used 106542K, capacity 109324K, committed 111180K, reserved 1144832K
  class space    used 13676K, capacity 14682K, committed 15488K, reserved 1048576K
}
Event: 17.357 GC heap before
{Heap before GC invocations=34 (full 0):
 garbage-first heap   total 237568K, used 188918K [0x0000000080000000, 0x0000000100000000)
  region size 1024K, 35 young (35840K), 7 survivors (7168K)
 Metaspace       used 106565K, capacity 109267K, committed 111180K, reserved 1144832K
  class space    used 13652K, capacity 14631K, committed 15488K, reserved 1048576K
}
Event: 17.380 GC heap after
{Heap after GC invocations=35 (full 0):
 garbage-first heap   total 237568K, used 170240K [0x0000000080000000, 0x0000000100000000)
  region size 1024K, 5 young (5120K), 5 survivors (5120K)
 Metaspace       used 106565K, capacity 109267K, committed 111180K, reserved 1144832K
  class space    used 13652K, capacity 14631K, committed 15488K, reserved 1048576K
}
Event: 17.575 GC heap before
{Heap before GC invocations=36 (full 0):
 garbage-first heap   total 237568K, used 190720K [0x0000000080000000, 0x0000000100000000)
  region size 1024K, 26 young (26624K), 5 survivors (5120K)
 Metaspace       used 106635K, capacity 109337K, committed 111436K, reserved 1144832K
  class space    used 13652K, capacity 14631K, committed 15488K, reserved 1048576K
}
Event: 17.591 GC heap after
{Heap after GC invocations=37 (full 0):
 garbage-first heap   total 237568K, used 177819K [0x0000000080000000, 0x0000000100000000)
  region size 1024K, 4 young (4096K), 4 survivors (4096K)
 Metaspace       used 106635K, capacity 109337K, committed 111436K, reserved 1144832K
  class space    used 13652K, capacity 14631K, committed 15488K, reserved 1048576K
}
Event: 17.648 GC heap before
{Heap before GC invocations=37 (full 0):
 garbage-first heap   total 237568K, used 184987K [0x0000000080000000, 0x0000000100000000)
  region size 1024K, 11 young (11264K), 4 survivors (4096K)
 Metaspace       used 106639K, capacity 109337K, committed 111436K, reserved 1144832K
  class space    used 13653K, capacity 14631K, committed 15488K, reserved 1048576K
}
Event: 17.661 GC heap after
{Heap after GC invocations=38 (full 0):
 garbage-first heap   total 328704K, used 179871K [0x0000000080000000, 0x0000000100000000)
  region size 1024K, 2 young (2048K), 2 survivors (2048K)
 Metaspace       used 106639K, capacity 109337K, committed 111436K, reserved 1144832K
  class space    used 13653K, capacity 14631K, committed 15488K, reserved 1048576K
}
Event: 17.687 GC heap before
{Heap before GC invocations=38 (full 0):
 garbage-first heap   total 328704K, used 181919K [0x0000000080000000, 0x0000000100000000)
  region size 1024K, 5 young (5120K), 2 survivors (2048K)
 Metaspace       used 106642K, capacity 109337K, committed 111436K, reserved 1144832K
  class space    used 13653K, capacity 14631K, committed 15488K, reserved 1048576K
}
Event: 17.695 GC heap after
{Heap after GC invocations=39 (full 0):
 garbage-first heap   total 328704K, used 180752K [0x0000000080000000, 0x0000000100000000)
  region size 1024K, 3 young (3072K), 3 survivors (3072K)
 Metaspace       used 106642K, capacity 109337K, committed 111436K, reserved 1144832K
  class space    used 13653K, capacity 14631K, committed 15488K, reserved 1048576K
}

