# JRE version: OpenJDK Runtime Environment (11.0.8+10) (build 11.0.8+10-b944.6842174)
# Java VM: OpenJDK 64-Bit Server VM (11.0.8+10-b944.6842174, mixed mode, tiered, compressed oops, g1 gc, windows-amd64)
Heap:
 garbage-first heap   total 441344K, used 135716K [0x0000000080000000, 0x0000000100000000)
  region size 1024K, 14 young (14336K), 14 survivors (14336K)
 Metaspace       used 103714K, capacity 106137K, committed 106700K, reserved 1142784K
  class space    used 13157K, capacity 14040K, committed 14336K, reserved 1048576K
GC Heap History (20 events):
Event: 15.543 GC heap after
{Heap after GC invocations=33 (full 0):
 garbage-first heap   total 233472K, used 120034K [0x0000000080000000, 0x0000000100000000)
  region size 1024K, 7 young (7168K), 7 survivors (7168K)
 Metaspace       used 102621K, capacity 105055K, committed 105676K, reserved 1140736K
  class space    used 13155K, capacity 14039K, committed 14336K, reserved 1048576K
}
Event: 15.704 GC heap before
{Heap before GC invocations=33 (full 0):
 garbage-first heap   total 233472K, used 184546K [0x0000000080000000, 0x0000000100000000)
  region size 1024K, 71 young (72704K), 7 survivors (7168K)
 Metaspace       used 102653K, capacity 105058K, committed 105676K, reserved 1140736K
  class space    used 13156K, capacity 14039K, committed 14336K, reserved 1048576K
}
Event: 15.714 GC heap after
{Heap after GC invocations=34 (full 0):
 garbage-first heap   total 233472K, used 120706K [0x0000000080000000, 0x0000000100000000)
  region size 1024K, 5 young (5120K), 5 survivors (5120K)
 Metaspace       used 102653K, capacity 105058K, committed 105676K, reserved 1140736K
  class space    used 13156K, capacity 14039K, committed 14336K, reserved 1048576K
}
Event: 15.999 GC heap before
{Heap before GC invocations=35 (full 0):
 garbage-first heap   total 233472K, used 188290K [0x0000000080000000, 0x0000000100000000)
  region size 1024K, 71 young (72704K), 5 survivors (5120K)
 Metaspace       used 102902K, capacity 105321K, committed 105932K, reserved 1140736K
  class space    used 13156K, capacity 14039K, committed 14336K, reserved 1048576K
}
Event: 16.007 GC heap after
{Heap after GC invocations=36 (full 0):
 garbage-first heap   total 280576K, used 121165K [0x0000000080000000, 0x0000000100000000)
  region size 1024K, 5 young (5120K), 5 survivors (5120K)
 Metaspace       used 102902K, capacity 105321K, committed 105932K, reserved 1140736K
  class space    used 13156K, capacity 14039K, committed 14336K, reserved 1048576K
}
Event: 16.216 GC heap before
{Heap before GC invocations=36 (full 0):
 garbage-first heap   total 280576K, used 217421K [0x0000000080000000, 0x0000000100000000)
  region size 1024K, 99 young (101376K), 5 survivors (5120K)
 Metaspace       used 102971K, capacity 105390K, committed 105932K, reserved 1140736K
  class space    used 13157K, capacity 14040K, committed 14336K, reserved 1048576K
}
Event: 16.224 GC heap after
{Heap after GC invocations=37 (full 0):
 garbage-first heap   total 280576K, used 122878K [0x0000000080000000, 0x0000000100000000)
  region size 1024K, 7 young (7168K), 7 survivors (7168K)
 Metaspace       used 102971K, capacity 105390K, committed 105932K, reserved 1140736K
  class space    used 13157K, capacity 14040K, committed 14336K, reserved 1048576K
}
Event: 16.445 GC heap before
{Heap before GC invocations=37 (full 0):
 garbage-first heap   total 280576K, used 223230K [0x0000000080000000, 0x0000000100000000)
  region size 1024K, 105 young (107520K), 7 survivors (7168K)
 Metaspace       used 103116K, capacity 105525K, committed 106188K, reserved 1140736K
  class space    used 13157K, capacity 14040K, committed 14336K, reserved 1048576K
}
Event: 16.454 GC heap after
{Heap after GC invocations=38 (full 0):
 garbage-first heap   total 280576K, used 124560K [0x0000000080000000, 0x0000000100000000)
  region size 1024K, 9 young (9216K), 9 survivors (9216K)
 Metaspace       used 103116K, capacity 105525K, committed 106188K, reserved 1140736K
  class space    used 13157K, capacity 14040K, committed 14336K, reserved 1048576K
}
Event: 16.622 GC heap before
{Heap before GC invocations=38 (full 0):
 garbage-first heap   total 280576K, used 229008K [0x0000000080000000, 0x0000000100000000)
  region size 1024K, 111 young (113664K), 9 survivors (9216K)
 Metaspace       used 103373K, capacity 105729K, committed 106444K, reserved 1140736K
  class space    used 13157K, capacity 14040K, committed 14336K, reserved 1048576K
}
Event: 16.630 GC heap after
{Heap after GC invocations=39 (full 0):
 garbage-first heap   total 280576K, used 125773K [0x0000000080000000, 0x0000000100000000)
  region size 1024K, 9 young (9216K), 9 survivors (9216K)
 Metaspace       used 103373K, capacity 105729K, committed 106444K, reserved 1140736K
  class space    used 13157K, capacity 14040K, committed 14336K, reserved 1048576K
}
Event: 16.799 GC heap before
{Heap before GC invocations=39 (full 0):
 garbage-first heap   total 280576K, used 235341K [0x0000000080000000, 0x0000000100000000)
  region size 1024K, 116 young (118784K), 9 survivors (9216K)
 Metaspace       used 103516K, capacity 105939K, committed 106444K, reserved 1140736K
  class space    used 13157K, capacity 14040K, committed 14336K, reserved 1048576K
}
Event: 16.810 GC heap after
{Heap after GC invocations=40 (full 0):
 garbage-first heap   total 337920K, used 127436K [0x0000000080000000, 0x0000000100000000)
  region size 1024K, 9 young (9216K), 9 survivors (9216K)
 Metaspace       used 103516K, capacity 105939K, committed 106444K, reserved 1140736K
  class space    used 13157K, capacity 14040K, committed 14336K, reserved 1048576K
}
Event: 17.075 GC heap before
{Heap before GC invocations=40 (full 0):
 garbage-first heap   total 337920K, used 271820K [0x0000000080000000, 0x0000000100000000)
  region size 1024K, 150 young (153600K), 9 survivors (9216K)
 Metaspace       used 103606K, capacity 106006K, committed 106700K, reserved 1142784K
  class space    used 13157K, capacity 14040K, committed 14336K, reserved 1048576K
}
Event: 17.086 GC heap after
{Heap after GC invocations=41 (full 0):
 garbage-first heap   total 337920K, used 129511K [0x0000000080000000, 0x0000000100000000)
  region size 1024K, 11 young (11264K), 11 survivors (11264K)
 Metaspace       used 103606K, capacity 106006K, committed 106700K, reserved 1142784K
  class space    used 13157K, capacity 14040K, committed 14336K, reserved 1048576K
}
Event: 17.375 GC heap before
{Heap before GC invocations=41 (full 0):
 garbage-first heap   total 337920K, used 283111K [0x0000000080000000, 0x0000000100000000)
  region size 1024K, 161 young (164864K), 11 survivors (11264K)
 Metaspace       used 103668K, capacity 106071K, committed 106700K, reserved 1142784K
  class space    used 13157K, capacity 14040K, committed 14336K, reserved 1048576K
}
Event: 17.387 GC heap after
{Heap after GC invocations=42 (full 0):
 garbage-first heap   total 337920K, used 131475K [0x0000000080000000, 0x0000000100000000)
  region size 1024K, 13 young (13312K), 13 survivors (13312K)
 Metaspace       used 103668K, capacity 106071K, committed 106700K, reserved 1142784K
  class space    used 13157K, capacity 14040K, committed 14336K, reserved 1048576K
}
Event: 17.580 GC heap before
{Heap before GC invocations=42 (full 0):
 garbage-first heap   total 337920K, used 287123K [0x0000000080000000, 0x0000000100000000)
  region size 1024K, 165 young (168960K), 13 survivors (13312K)
 Metaspace       used 103689K, capacity 106072K, committed 106700K, reserved 1142784K
  class space    used 13157K, capacity 14040K, committed 14336K, reserved 1048576K
}
Event: 17.591 GC heap after
{Heap after GC invocations=43 (full 0):
 garbage-first heap   total 337920K, used 133444K [0x0000000080000000, 0x0000000100000000)
  region size 1024K, 13 young (13312K), 13 survivors (13312K)
 Metaspace       used 103689K, capacity 106072K, committed 106700K, reserved 1142784K
  class space    used 13157K, capacity 14040K, committed 14336K, reserved 1048576K
}
Event: 17.825 GC heap before
{Heap before GC invocations=43 (full 0):
 garbage-first heap   total 337920K, used 290116K [0x0000000080000000, 0x0000000100000000)
  region size 1024K, 166 young (169984K), 13 survivors (13312K)
 Metaspace       used 103714K, capacity 106137K, committed 106700K, reserved 1142784K
  class space    used 13157K, capacity 14040K, committed 14336K, reserved 1048576K
}

