# JRE version: OpenJDK Runtime Environment (11.0.8+10) (build 11.0.8+10-b944.6842174)
# Java VM: OpenJDK 64-Bit Server VM (11.0.8+10-b944.6842174, mixed mode, tiered, compressed oops, g1 gc, windows-amd64)
Heap:
 garbage-first heap   total 337920K, used 163019K [0x0000000080000000, 0x0000000100000000)
  region size 1024K, 11 young (11264K), 3 survivors (3072K)
 Metaspace       used 84439K, capacity 86609K, committed 86988K, reserved 1124352K
  class space    used 11110K, capacity 11908K, committed 12032K, reserved 1048576K
GC Heap History (20 events):
Event: 6.736 GC heap before
{Heap before GC invocations=13 (full 0):
 garbage-first heap   total 157696K, used 117479K [0x0000000080000000, 0x0000000100000000)
  region size 1024K, 77 young (78848K), 9 survivors (9216K)
 Metaspace       used 69888K, capacity 71463K, committed 71756K, reserved 1112064K
  class space    used 9177K, capacity 9746K, committed 9856K, reserved 1048576K
}
Event: 6.746 GC heap after
{Heap after GC invocations=14 (full 0):
 garbage-first heap   total 157696K, used 52751K [0x0000000080000000, 0x0000000100000000)
  region size 1024K, 6 young (6144K), 6 survivors (6144K)
 Metaspace       used 69888K, capacity 71463K, committed 71756K, reserved 1112064K
  class space    used 9177K, capacity 9746K, committed 9856K, reserved 1048576K
}
Event: 7.610 GC heap before
{Heap before GC invocations=14 (full 0):
 garbage-first heap   total 157696K, used 120335K [0x0000000080000000, 0x0000000100000000)
  region size 1024K, 72 young (73728K), 6 survivors (6144K)
 Metaspace       used 75623K, capacity 77503K, committed 77644K, reserved 1116160K
  class space    used 9935K, capacity 10612K, committed 10624K, reserved 1048576K
}
Event: 7.618 GC heap after
{Heap after GC invocations=15 (full 0):
 garbage-first heap   total 189440K, used 57514K [0x0000000080000000, 0x0000000100000000)
  region size 1024K, 9 young (9216K), 9 survivors (9216K)
 Metaspace       used 75623K, capacity 77503K, committed 77644K, reserved 1116160K
  class space    used 9935K, capacity 10612K, committed 10624K, reserved 1048576K
}
Event: 8.212 GC heap before
{Heap before GC invocations=15 (full 0):
 garbage-first heap   total 189440K, used 138410K [0x0000000080000000, 0x0000000100000000)
  region size 1024K, 89 young (91136K), 9 survivors (9216K)
 Metaspace       used 76462K, capacity 78448K, committed 78540K, reserved 1118208K
  class space    used 9963K, capacity 10667K, committed 10752K, reserved 1048576K
}
Event: 8.223 GC heap after
{Heap after GC invocations=16 (full 0):
 garbage-first heap   total 189440K, used 63190K [0x0000000080000000, 0x0000000100000000)
  region size 1024K, 10 young (10240K), 10 survivors (10240K)
 Metaspace       used 76462K, capacity 78448K, committed 78540K, reserved 1118208K
  class space    used 9963K, capacity 10667K, committed 10752K, reserved 1048576K
}
Event: 8.724 GC heap before
{Heap before GC invocations=16 (full 0):
 garbage-first heap   total 189440K, used 144086K [0x0000000080000000, 0x0000000100000000)
  region size 1024K, 90 young (92160K), 10 survivors (10240K)
 Metaspace       used 77095K, capacity 79103K, committed 79308K, reserved 1118208K
  class space    used 10020K, capacity 10725K, committed 10752K, reserved 1048576K
}
Event: 8.734 GC heap after
{Heap after GC invocations=17 (full 0):
 garbage-first heap   total 189440K, used 66591K [0x0000000080000000, 0x0000000100000000)
  region size 1024K, 9 young (9216K), 9 survivors (9216K)
 Metaspace       used 77095K, capacity 79103K, committed 79308K, reserved 1118208K
  class space    used 10020K, capacity 10725K, committed 10752K, reserved 1048576K
}
Event: 9.162 GC heap before
{Heap before GC invocations=17 (full 0):
 garbage-first heap   total 189440K, used 150559K [0x0000000080000000, 0x0000000100000000)
  region size 1024K, 67 young (68608K), 9 survivors (9216K)
 Metaspace       used 80195K, capacity 82276K, committed 82380K, reserved 1120256K
  class space    used 10460K, capacity 11203K, committed 11264K, reserved 1048576K
}
Event: 9.176 GC heap after
{Heap after GC invocations=18 (full 0):
 garbage-first heap   total 189440K, used 93110K [0x0000000080000000, 0x0000000100000000)
  region size 1024K, 11 young (11264K), 11 survivors (11264K)
 Metaspace       used 80195K, capacity 82276K, committed 82380K, reserved 1120256K
  class space    used 10460K, capacity 11203K, committed 11264K, reserved 1048576K
}
Event: 9.605 GC heap before
{Heap before GC invocations=19 (full 0):
 garbage-first heap   total 189440K, used 153526K [0x0000000080000000, 0x0000000100000000)
  region size 1024K, 69 young (70656K), 11 survivors (11264K)
 Metaspace       used 82075K, capacity 84118K, committed 84300K, reserved 1122304K
  class space    used 10788K, capacity 11519K, committed 11648K, reserved 1048576K
}
Event: 9.648 GC heap after
{Heap after GC invocations=20 (full 0):
 garbage-first heap   total 232448K, used 120978K [0x0000000080000000, 0x0000000100000000)
  region size 1024K, 9 young (9216K), 9 survivors (9216K)
 Metaspace       used 82075K, capacity 84118K, committed 84300K, reserved 1122304K
  class space    used 10788K, capacity 11519K, committed 11648K, reserved 1048576K
}
Event: 9.800 GC heap before
{Heap before GC invocations=20 (full 0):
 garbage-first heap   total 232448K, used 147602K [0x0000000080000000, 0x0000000100000000)
  region size 1024K, 37 young (37888K), 9 survivors (9216K)
 Metaspace       used 82096K, capacity 84121K, committed 84300K, reserved 1122304K
  class space    used 10789K, capacity 11519K, committed 11648K, reserved 1048576K
}
Event: 9.835 GC heap after
{Heap after GC invocations=21 (full 0):
 garbage-first heap   total 232448K, used 139202K [0x0000000080000000, 0x0000000100000000)
  region size 1024K, 8 young (8192K), 8 survivors (8192K)
 Metaspace       used 82096K, capacity 84121K, committed 84300K, reserved 1122304K
  class space    used 10789K, capacity 11519K, committed 11648K, reserved 1048576K
}
Event: 10.135 GC heap before
{Heap before GC invocations=22 (full 0):
 garbage-first heap   total 232448K, used 170946K [0x0000000080000000, 0x0000000100000000)
  region size 1024K, 39 young (39936K), 8 survivors (8192K)
 Metaspace       used 83980K, capacity 86154K, committed 86348K, reserved 1124352K
  class space    used 11082K, capacity 11891K, committed 11904K, reserved 1048576K
}
Event: 10.154 GC heap after
{Heap after GC invocations=23 (full 0):
 garbage-first heap   total 232448K, used 151404K [0x0000000080000000, 0x0000000100000000)
  region size 1024K, 6 young (6144K), 6 survivors (6144K)
 Metaspace       used 83980K, capacity 86154K, committed 86348K, reserved 1124352K
  class space    used 11082K, capacity 11891K, committed 11904K, reserved 1048576K
}
Event: 10.498 GC heap before
{Heap before GC invocations=24 (full 0):
 garbage-first heap   total 232448K, used 170860K [0x0000000080000000, 0x0000000100000000)
  region size 1024K, 34 young (34816K), 6 survivors (6144K)
 Metaspace       used 84433K, capacity 86609K, committed 86988K, reserved 1124352K
  class space    used 11110K, capacity 11908K, committed 12032K, reserved 1048576K
}
Event: 10.517 GC heap after
{Heap after GC invocations=25 (full 0):
 garbage-first heap   total 232448K, used 149818K [0x0000000080000000, 0x0000000100000000)
  region size 1024K, 5 young (5120K), 5 survivors (5120K)
 Metaspace       used 84433K, capacity 86609K, committed 86988K, reserved 1124352K
  class space    used 11110K, capacity 11908K, committed 12032K, reserved 1048576K
}
Event: 10.595 GC heap before
{Heap before GC invocations=25 (full 0):
 garbage-first heap   total 232448K, used 160058K [0x0000000080000000, 0x0000000100000000)
  region size 1024K, 16 young (16384K), 5 survivors (5120K)
 Metaspace       used 84437K, capacity 86609K, committed 86988K, reserved 1124352K
  class space    used 11110K, capacity 11908K, committed 12032K, reserved 1048576K
}
Event: 10.611 GC heap after
{Heap after GC invocations=26 (full 0):
 garbage-first heap   total 337920K, used 153803K [0x0000000080000000, 0x0000000100000000)
  region size 1024K, 3 young (3072K), 3 survivors (3072K)
 Metaspace       used 84437K, capacity 86609K, committed 86988K, reserved 1124352K
  class space    used 11110K, capacity 11908K, committed 12032K, reserved 1048576K
}

