# JRE version: OpenJDK Runtime Environment (8.0_242-b01) (build 1.8.0_242-release-1644-b01)
# Java VM: OpenJDK 64-Bit Server VM (25.242-b01 mixed mode windows-amd64 compressed oops)
Heap:
 PSYoungGen      total 577024K, used 243921K [0x00000000d5580000, 0x0000000100000000, 0x0000000100000000)
  eden space 461312K, 27% used [0x00000000d5580000,0x00000000dd320f48,0x00000000f1800000)
  from space 115712K, 99% used [0x00000000f1800000,0x00000000f8893740,0x00000000f8900000)
  to   space 121856K, 0% used [0x00000000f8900000,0x00000000f8900000,0x0000000100000000)
 ParOldGen       total 284160K, used 173994K [0x0000000080000000, 0x0000000091580000, 0x00000000d5580000)
  object space 284160K, 61% used [0x0000000080000000,0x000000008a9eaab0,0x0000000091580000)
 Metaspace       used 124115K, capacity 133780K, committed 133928K, reserved 1165312K
  class space    used 15750K, capacity 17420K, committed 17456K, reserved 1048576K
GC Heap History (10 events):
Event: 8132.038 GC heap before
{Heap before GC invocations=46 (full 5):
 PSYoungGen      total 575488K, used 491507K [0x00000000d5580000, 0x00000000ff700000, 0x0000000100000000)
  eden space 461312K, 100% used [0x00000000d5580000,0x00000000f1800000,0x00000000f1800000)
  from space 114176K, 26% used [0x00000000f8600000,0x00000000fa37cc18,0x00000000ff580000)
  to   space 112640K, 0% used [0x00000000f1800000,0x00000000f1800000,0x00000000f8600000)
 ParOldGen       total 284160K, used 166691K [0x0000000080000000, 0x0000000091580000, 0x00000000d5580000)
  object space 284160K, 58% used [0x0000000080000000,0x000000008a2c8fa0,0x0000000091580000)
 Metaspace       used 123610K, capacity 133200K, committed 133416K, reserved 1165312K
  class space    used 15722K, capacity 17388K, committed 17456K, reserved 1048576K
Event: 8132.090 GC heap after
Heap after GC invocations=46 (full 5):
 PSYoungGen      total 573952K, used 64636K [0x00000000d5580000, 0x00000000ffa80000, 0x0000000100000000)
  eden space 461312K, 0% used [0x00000000d5580000,0x00000000d5580000,0x00000000f1800000)
  from space 112640K, 57% used [0x00000000f1800000,0x00000000f571f080,0x00000000f8600000)
  to   space 110592K, 0% used [0x00000000f8e80000,0x00000000f8e80000,0x00000000ffa80000)
 ParOldGen       total 284160K, used 172643K [0x0000000080000000, 0x0000000091580000, 0x00000000d5580000)
  object space 284160K, 60% used [0x0000000080000000,0x000000008a898ed8,0x0000000091580000)
 Metaspace       used 123610K, capacity 133200K, committed 133416K, reserved 1165312K
  class space    used 15722K, capacity 17388K, committed 17456K, reserved 1048576K
}
Event: 8134.763 GC heap before
{Heap before GC invocations=47 (full 5):
 PSYoungGen      total 573952K, used 525948K [0x00000000d5580000, 0x00000000ffa80000, 0x0000000100000000)
  eden space 461312K, 100% used [0x00000000d5580000,0x00000000f1800000,0x00000000f1800000)
  from space 112640K, 57% used [0x00000000f1800000,0x00000000f571f080,0x00000000f8600000)
  to   space 110592K, 0% used [0x00000000f8e80000,0x00000000f8e80000,0x00000000ffa80000)
 ParOldGen       total 284160K, used 172643K [0x0000000080000000, 0x0000000091580000, 0x00000000d5580000)
  object space 284160K, 60% used [0x0000000080000000,0x000000008a898ed8,0x0000000091580000)
 Metaspace       used 123739K, capacity 133300K, committed 133416K, reserved 1165312K
  class space    used 15731K, capacity 17394K, committed 17456K, reserved 1048576K
Event: 8134.777 GC heap after
Heap after GC invocations=47 (full 5):
 PSYoungGen      total 580096K, used 8594K [0x00000000d5580000, 0x0000000100000000, 0x0000000100000000)
  eden space 469504K, 0% used [0x00000000d5580000,0x00000000d5580000,0x00000000f2000000)
  from space 110592K, 7% used [0x00000000f8e80000,0x00000000f96e4818,0x00000000ffa80000)
  to   space 113152K, 0% used [0x00000000f2000000,0x00000000f2000000,0x00000000f8e80000)
 ParOldGen       total 284160K, used 172743K [0x0000000080000000, 0x0000000091580000, 0x00000000d5580000)
  object space 284160K, 60% used [0x0000000080000000,0x000000008a8b1ee8,0x0000000091580000)
 Metaspace       used 123739K, capacity 133300K, committed 133416K, reserved 1165312K
  class space    used 15731K, capacity 17394K, committed 17456K, reserved 1048576K
}
Event: 8136.139 GC heap before
{Heap before GC invocations=48 (full 5):
 PSYoungGen      total 580096K, used 478098K [0x00000000d5580000, 0x0000000100000000, 0x0000000100000000)
  eden space 469504K, 100% used [0x00000000d5580000,0x00000000f2000000,0x00000000f2000000)
  from space 110592K, 7% used [0x00000000f8e80000,0x00000000f96e4818,0x00000000ffa80000)
  to   space 113152K, 0% used [0x00000000f2000000,0x00000000f2000000,0x00000000f8e80000)
 ParOldGen       total 284160K, used 172743K [0x0000000080000000, 0x0000000091580000, 0x00000000d5580000)
  object space 284160K, 60% used [0x0000000080000000,0x000000008a8b1ee8,0x0000000091580000)
 Metaspace       used 123860K, capacity 133404K, committed 133672K, reserved 1165312K
  class space    used 15737K, capacity 17400K, committed 17456K, reserved 1048576K
Event: 8136.200 GC heap after
Heap after GC invocations=48 (full 5):
 PSYoungGen      total 553984K, used 84341K [0x00000000d5580000, 0x0000000100000000, 0x0000000100000000)
  eden space 469504K, 0% used [0x00000000d5580000,0x00000000d5580000,0x00000000f2000000)
  from space 84480K, 99% used [0x00000000f2000000,0x00000000f725d600,0x00000000f7280000)
  to   space 119296K, 0% used [0x00000000f8b80000,0x00000000f8b80000,0x0000000100000000)
 ParOldGen       total 284160K, used 172855K [0x0000000080000000, 0x0000000091580000, 0x00000000d5580000)
  object space 284160K, 60% used [0x0000000080000000,0x000000008a8cdee8,0x0000000091580000)
 Metaspace       used 123860K, capacity 133404K, committed 133672K, reserved 1165312K
  class space    used 15737K, capacity 17400K, committed 17456K, reserved 1048576K
}
Event: 8494.483 GC heap before
{Heap before GC invocations=49 (full 5):
 PSYoungGen      total 553984K, used 553845K [0x00000000d5580000, 0x0000000100000000, 0x0000000100000000)
  eden space 469504K, 100% used [0x00000000d5580000,0x00000000f2000000,0x00000000f2000000)
  from space 84480K, 99% used [0x00000000f2000000,0x00000000f725d600,0x00000000f7280000)
  to   space 119296K, 0% used [0x00000000f8b80000,0x00000000f8b80000,0x0000000100000000)
 ParOldGen       total 284160K, used 172855K [0x0000000080000000, 0x0000000091580000, 0x00000000d5580000)
  object space 284160K, 60% used [0x0000000080000000,0x000000008a8cdee8,0x0000000091580000)
 Metaspace       used 124038K, capacity 133704K, committed 133928K, reserved 1165312K
  class space    used 15747K, capacity 17418K, committed 17456K, reserved 1048576K
Event: 8494.498 GC heap after
Heap after GC invocations=49 (full 5):
 PSYoungGen      total 580608K, used 20662K [0x00000000d5580000, 0x0000000100000000, 0x0000000100000000)
  eden space 461312K, 0% used [0x00000000d5580000,0x00000000d5580000,0x00000000f1800000)
  from space 119296K, 17% used [0x00000000f8b80000,0x00000000f9fadbe0,0x0000000100000000)
  to   space 118272K, 0% used [0x00000000f1800000,0x00000000f1800000,0x00000000f8b80000)
 ParOldGen       total 284160K, used 172959K [0x0000000080000000, 0x0000000091580000, 0x00000000d5580000)
  object space 284160K, 60% used [0x0000000080000000,0x000000008a8e7f28,0x0000000091580000)
 Metaspace       used 124038K, capacity 133704K, committed 133928K, reserved 1165312K
  class space    used 15747K, capacity 17418K, committed 17456K, reserved 1048576K
}
Event: 8496.448 GC heap before
{Heap before GC invocations=50 (full 5):
 PSYoungGen      total 580608K, used 481974K [0x00000000d5580000, 0x0000000100000000, 0x0000000100000000)
  eden space 461312K, 100% used [0x00000000d5580000,0x00000000f1800000,0x00000000f1800000)
  from space 119296K, 17% used [0x00000000f8b80000,0x00000000f9fadbe0,0x0000000100000000)
  to   space 118272K, 0% used [0x00000000f1800000,0x00000000f1800000,0x00000000f8b80000)
 ParOldGen       total 284160K, used 172959K [0x0000000080000000, 0x0000000091580000, 0x00000000d5580000)
  object space 284160K, 60% used [0x0000000080000000,0x000000008a8e7f28,0x0000000091580000)
 Metaspace       used 124079K, capacity 133704K, committed 133928K, reserved 1165312K
  class space    used 15748K, capacity 17418K, committed 17456K, reserved 1048576K
Event: 8496.526 GC heap after
Heap after GC invocations=50 (full 5):
 PSYoungGen      total 577024K, used 115277K [0x00000000d5580000, 0x0000000100000000, 0x0000000100000000)
  eden space 461312K, 0% used [0x00000000d5580000,0x00000000d5580000,0x00000000f1800000)
  from space 115712K, 99% used [0x00000000f1800000,0x00000000f8893740,0x00000000f8900000)
  to   space 121856K, 0% used [0x00000000f8900000,0x00000000f8900000,0x0000000100000000)
 ParOldGen       total 284160K, used 173994K [0x0000000080000000, 0x0000000091580000, 0x00000000d5580000)
  object space 284160K, 61% used [0x0000000080000000,0x000000008a9eaab0,0x0000000091580000)
 Metaspace       used 124079K, capacity 133704K, committed 133928K, reserved 1165312K
  class space    used 15748K, capacity 17418K, committed 17456K, reserved 1048576K
}

