# JRE version: OpenJDK Runtime Environment (11.0.8+10) (build 11.0.8+10-b944.6842174)
# Java VM: OpenJDK 64-Bit Server VM (11.0.8+10-b944.6842174, mixed mode, tiered, compressed oops, g1 gc, windows-amd64)
Heap:
 garbage-first heap   total 303104K, used 200768K [0x0000000080000000, 0x0000000100000000)
  region size 1024K, 117 young (119808K), 6 survivors (6144K)
 Metaspace       used 95355K, capacity 97762K, committed 97996K, reserved 1134592K
  class space    used 12144K, capacity 13048K, committed 13056K, reserved 1048576K
GC Heap History (20 events):
Event: 13.387 GC heap before
{Heap before GC invocations=32 (full 0):
 garbage-first heap   total 303104K, used 239521K [0x0000000080000000, 0x0000000100000000)
  region size 1024K, 45 young (46080K), 6 survivors (6144K)
 Metaspace       used 85177K, capacity 87351K, committed 87500K, reserved 1124352K
  class space    used 11167K, capacity 11953K, committed 12032K, reserved 1048576K
}
Event: 13.394 GC heap after
{Heap after GC invocations=33 (full 0):
 garbage-first heap   total 303104K, used 202649K [0x0000000080000000, 0x0000000100000000)
  region size 1024K, 3 young (3072K), 3 survivors (3072K)
 Metaspace       used 85177K, capacity 87351K, committed 87500K, reserved 1124352K
  class space    used 11167K, capacity 11953K, committed 12032K, reserved 1048576K
}
Event: 13.996 GC heap before
{Heap before GC invocations=33 (full 0):
 garbage-first heap   total 303104K, used 240537K [0x0000000080000000, 0x0000000100000000)
  region size 1024K, 40 young (40960K), 3 survivors (3072K)
 Metaspace       used 87039K, capacity 89227K, committed 89292K, reserved 1126400K
  class space    used 11436K, capacity 12242K, committed 12288K, reserved 1048576K
}
Event: 14.000 GC heap after
{Heap after GC invocations=34 (full 0):
 garbage-first heap   total 303104K, used 193940K [0x0000000080000000, 0x0000000100000000)
  region size 1024K, 4 young (4096K), 4 survivors (4096K)
 Metaspace       used 87039K, capacity 89227K, committed 89292K, reserved 1126400K
  class space    used 11436K, capacity 12242K, committed 12288K, reserved 1048576K
}
Event: 14.713 GC heap before
{Heap before GC invocations=35 (full 0):
 garbage-first heap   total 303104K, used 231828K [0x0000000080000000, 0x0000000100000000)
  region size 1024K, 46 young (47104K), 4 survivors (4096K)
 Metaspace       used 92446K, capacity 94797K, committed 95052K, reserved 1132544K
  class space    used 12024K, capacity 12890K, committed 12928K, reserved 1048576K
}
Event: 14.719 GC heap after
{Heap after GC invocations=36 (full 0):
 garbage-first heap   total 303104K, used 163323K [0x0000000080000000, 0x0000000100000000)
  region size 1024K, 4 young (4096K), 4 survivors (4096K)
 Metaspace       used 92446K, capacity 94797K, committed 95052K, reserved 1132544K
  class space    used 12024K, capacity 12890K, committed 12928K, reserved 1048576K
}
Event: 39.631 GC heap before
{Heap before GC invocations=36 (full 0):
 garbage-first heap   total 303104K, used 173563K [0x0000000080000000, 0x0000000100000000)
  region size 1024K, 14 young (14336K), 4 survivors (4096K)
 Metaspace       used 93371K, capacity 95722K, committed 95948K, reserved 1132544K
  class space    used 12077K, capacity 12931K, committed 13056K, reserved 1048576K
}
Event: 39.652 GC heap after
{Heap after GC invocations=37 (full 0):
 garbage-first heap   total 303104K, used 144368K [0x0000000080000000, 0x0000000100000000)
  region size 1024K, 2 young (2048K), 2 survivors (2048K)
 Metaspace       used 93371K, capacity 95722K, committed 95948K, reserved 1132544K
  class space    used 12077K, capacity 12931K, committed 13056K, reserved 1048576K
}
Event: 40.453 GC heap before
{Heap before GC invocations=37 (full 0):
 garbage-first heap   total 303104K, used 208880K [0x0000000080000000, 0x0000000100000000)
  region size 1024K, 66 young (67584K), 2 survivors (2048K)
 Metaspace       used 93912K, capacity 96282K, committed 96460K, reserved 1132544K
  class space    used 12084K, capacity 12944K, committed 13056K, reserved 1048576K
}
Event: 40.462 GC heap after
{Heap after GC invocations=38 (full 0):
 garbage-first heap   total 303104K, used 147368K [0x0000000080000000, 0x0000000100000000)
  region size 1024K, 5 young (5120K), 5 survivors (5120K)
 Metaspace       used 93912K, capacity 96282K, committed 96460K, reserved 1132544K
  class space    used 12084K, capacity 12944K, committed 13056K, reserved 1048576K
}
Event: 40.958 GC heap before
{Heap before GC invocations=39 (full 0):
 garbage-first heap   total 303104K, used 184232K [0x0000000080000000, 0x0000000100000000)
  region size 1024K, 73 young (74752K), 5 survivors (5120K)
 Metaspace       used 94061K, capacity 96423K, committed 96716K, reserved 1132544K
  class space    used 12085K, capacity 12946K, committed 13056K, reserved 1048576K
}
Event: 40.965 GC heap after
{Heap after GC invocations=40 (full 0):
 garbage-first heap   total 303104K, used 116841K [0x0000000080000000, 0x0000000100000000)
  region size 1024K, 6 young (6144K), 6 survivors (6144K)
 Metaspace       used 94061K, capacity 96423K, committed 96716K, reserved 1132544K
  class space    used 12085K, capacity 12946K, committed 13056K, reserved 1048576K
}
Event: 41.014 GC heap before
{Heap before GC invocations=40 (full 0):
 garbage-first heap   total 303104K, used 125033K [0x0000000080000000, 0x0000000100000000)
  region size 1024K, 14 young (14336K), 6 survivors (6144K)
 Metaspace       used 94072K, capacity 96423K, committed 96716K, reserved 1132544K
  class space    used 12085K, capacity 12946K, committed 13056K, reserved 1048576K
}
Event: 41.021 GC heap after
{Heap after GC invocations=41 (full 0):
 garbage-first heap   total 303104K, used 87141K [0x0000000080000000, 0x0000000100000000)
  region size 1024K, 1 young (1024K), 1 survivors (1024K)
 Metaspace       used 94072K, capacity 96423K, committed 96716K, reserved 1132544K
  class space    used 12085K, capacity 12946K, committed 13056K, reserved 1048576K
}
Event: 41.090 GC heap before
{Heap before GC invocations=41 (full 0):
 garbage-first heap   total 303104K, used 99429K [0x0000000080000000, 0x0000000100000000)
  region size 1024K, 14 young (14336K), 1 survivors (1024K)
 Metaspace       used 94109K, capacity 96432K, committed 96716K, reserved 1132544K
  class space    used 12086K, capacity 12947K, committed 13056K, reserved 1048576K
}
Event: 41.094 GC heap after
{Heap after GC invocations=42 (full 0):
 garbage-first heap   total 303104K, used 84468K [0x0000000080000000, 0x0000000100000000)
  region size 1024K, 1 young (1024K), 1 survivors (1024K)
 Metaspace       used 94109K, capacity 96432K, committed 96716K, reserved 1132544K
  class space    used 12086K, capacity 12947K, committed 13056K, reserved 1048576K
}
Event: 76.670 GC heap before
{Heap before GC invocations=42 (full 0):
 garbage-first heap   total 303104K, used 188916K [0x0000000080000000, 0x0000000100000000)
  region size 1024K, 104 young (106496K), 1 survivors (1024K)
 Metaspace       used 94702K, capacity 97110K, committed 97228K, reserved 1134592K
  class space    used 12105K, capacity 12979K, committed 13056K, reserved 1048576K
}
Event: 76.676 GC heap after
{Heap after GC invocations=43 (full 0):
 garbage-first heap   total 303104K, used 89591K [0x0000000080000000, 0x0000000100000000)
  region size 1024K, 6 young (6144K), 6 survivors (6144K)
 Metaspace       used 94702K, capacity 97110K, committed 97228K, reserved 1134592K
  class space    used 12105K, capacity 12979K, committed 13056K, reserved 1048576K
}
Event: 206.632 GC heap before
{Heap before GC invocations=43 (full 0):
 garbage-first heap   total 303104K, used 206327K [0x0000000080000000, 0x0000000100000000)
  region size 1024K, 121 young (123904K), 6 survivors (6144K)
 Metaspace       used 95188K, capacity 97643K, committed 97740K, reserved 1134592K
  class space    used 12122K, capacity 13010K, committed 13056K, reserved 1048576K
}
Event: 206.638 GC heap after
{Heap after GC invocations=44 (full 0):
 garbage-first heap   total 303104K, used 89152K [0x0000000080000000, 0x0000000100000000)
  region size 1024K, 6 young (6144K), 6 survivors (6144K)
 Metaspace       used 95188K, capacity 97643K, committed 97740K, reserved 1134592K
  class space    used 12122K, capacity 13010K, committed 13056K, reserved 1048576K
}

