# JRE version: OpenJDK Runtime Environment (11.0.8+10) (build 11.0.8+10-b944.6842174)
# Java VM: OpenJDK 64-Bit Server VM (11.0.8+10-b944.6842174, mixed mode, tiered, compressed oops, g1 gc, windows-amd64)
Heap:
 garbage-first heap   total 619520K, used 173212K [0x0000000080000000, 0x0000000100000000)
  region size 1024K, 3 young (3072K), 3 survivors (3072K)
 Metaspace       used 139608K, capacity 143428K, committed 143564K, reserved 1175552K
  class space    used 16987K, capacity 18247K, committed 18380K, reserved 1048576K
GC Heap History (20 events):
Event: 370.775 GC heap after
{Heap after GC invocations=79 (full 0):
 garbage-first heap   total 403456K, used 154436K [0x0000000080000000, 0x0000000100000000)
  region size 1024K, 11 young (11264K), 11 survivors (11264K)
 Metaspace       used 139037K, capacity 142924K, committed 142924K, reserved 1173504K
  class space    used 16986K, capacity 18252K, committed 18252K, reserved 1048576K
}
Event: 371.077 GC heap before
{Heap before GC invocations=79 (full 0):
 garbage-first heap   total 403456K, used 324420K [0x0000000080000000, 0x0000000100000000)
  region size 1024K, 178 young (182272K), 11 survivors (11264K)
 Metaspace       used 139279K, capacity 143153K, committed 143308K, reserved 1173504K
  class space    used 16988K, capacity 18253K, committed 18380K, reserved 1048576K
}
Event: 371.108 GC heap after
{Heap after GC invocations=80 (full 0):
 garbage-first heap   total 477184K, used 167536K [0x0000000080000000, 0x0000000100000000)
  region size 1024K, 23 young (23552K), 23 survivors (23552K)
 Metaspace       used 139279K, capacity 143153K, committed 143308K, reserved 1173504K
  class space    used 16988K, capacity 18253K, committed 18380K, reserved 1048576K
}
Event: 371.636 GC heap before
{Heap before GC invocations=81 (full 0):
 garbage-first heap   total 477184K, used 386672K [0x0000000080000000, 0x0000000100000000)
  region size 1024K, 238 young (243712K), 23 survivors (23552K)
 Metaspace       used 139344K, capacity 143199K, committed 143564K, reserved 1175552K
  class space    used 16982K, capacity 18243K, committed 18380K, reserved 1048576K
}
Event: 371.652 GC heap after
{Heap after GC invocations=82 (full 0):
 garbage-first heap   total 477184K, used 167973K [0x0000000080000000, 0x0000000100000000)
  region size 1024K, 17 young (17408K), 17 survivors (17408K)
 Metaspace       used 139344K, capacity 143199K, committed 143564K, reserved 1175552K
  class space    used 16982K, capacity 18243K, committed 18380K, reserved 1048576K
}
Event: 371.964 GC heap before
{Heap before GC invocations=82 (full 0):
 garbage-first heap   total 477184K, used 387109K [0x0000000080000000, 0x0000000100000000)
  region size 1024K, 232 young (237568K), 17 survivors (17408K)
 Metaspace       used 139419K, capacity 143273K, committed 143564K, reserved 1175552K
  class space    used 16984K, capacity 18246K, committed 18380K, reserved 1048576K
}
Event: 372.017 GC heap after
{Heap after GC invocations=83 (full 0):
 garbage-first heap   total 477184K, used 172374K [0x0000000080000000, 0x0000000100000000)
  region size 1024K, 21 young (21504K), 21 survivors (21504K)
 Metaspace       used 139419K, capacity 143273K, committed 143564K, reserved 1175552K
  class space    used 16984K, capacity 18246K, committed 18380K, reserved 1048576K
}
Event: 372.395 GC heap before
{Heap before GC invocations=84 (full 0):
 garbage-first heap   total 477184K, used 390486K [0x0000000080000000, 0x0000000100000000)
  region size 1024K, 234 young (239616K), 21 survivors (21504K)
 Metaspace       used 139541K, capacity 143356K, committed 143564K, reserved 1175552K
  class space    used 16986K, capacity 18246K, committed 18380K, reserved 1048576K
}
Event: 372.409 GC heap after
{Heap after GC invocations=85 (full 0):
 garbage-first heap   total 477184K, used 169839K [0x0000000080000000, 0x0000000100000000)
  region size 1024K, 17 young (17408K), 17 survivors (17408K)
 Metaspace       used 139541K, capacity 143356K, committed 143564K, reserved 1175552K
  class space    used 16986K, capacity 18246K, committed 18380K, reserved 1048576K
}
Event: 372.420 GC heap before
{Heap before GC invocations=85 (full 0):
 garbage-first heap   total 477184K, used 174959K [0x0000000080000000, 0x0000000100000000)
  region size 1024K, 23 young (23552K), 17 survivors (17408K)
 Metaspace       used 139541K, capacity 143356K, committed 143564K, reserved 1175552K
  class space    used 16986K, capacity 18246K, committed 18380K, reserved 1048576K
}
Event: 372.432 GC heap after
{Heap after GC invocations=86 (full 0):
 garbage-first heap   total 477184K, used 167804K [0x0000000080000000, 0x0000000100000000)
  region size 1024K, 3 young (3072K), 3 survivors (3072K)
 Metaspace       used 139541K, capacity 143356K, committed 143564K, reserved 1175552K
  class space    used 16986K, capacity 18246K, committed 18380K, reserved 1048576K
}
Event: 372.736 GC heap before
{Heap before GC invocations=86 (full 0):
 garbage-first heap   total 477184K, used 391036K [0x0000000080000000, 0x0000000100000000)
  region size 1024K, 221 young (226304K), 3 survivors (3072K)
 Metaspace       used 139572K, capacity 143422K, committed 143564K, reserved 1175552K
  class space    used 16986K, capacity 18246K, committed 18380K, reserved 1048576K
}
Event: 372.748 GC heap after
{Heap after GC invocations=87 (full 0):
 garbage-first heap   total 477184K, used 174794K [0x0000000080000000, 0x0000000100000000)
  region size 1024K, 10 young (10240K), 10 survivors (10240K)
 Metaspace       used 139572K, capacity 143422K, committed 143564K, reserved 1175552K
  class space    used 16986K, capacity 18246K, committed 18380K, reserved 1048576K
}
Event: 373.004 GC heap before
{Heap before GC invocations=87 (full 0):
 garbage-first heap   total 477184K, used 393930K [0x0000000080000000, 0x0000000100000000)
  region size 1024K, 224 young (229376K), 10 survivors (10240K)
 Metaspace       used 139581K, capacity 143426K, committed 143564K, reserved 1175552K
  class space    used 16987K, capacity 18247K, committed 18380K, reserved 1048576K
}
Event: 373.014 GC heap after
{Heap after GC invocations=88 (full 0):
 garbage-first heap   total 477184K, used 178018K [0x0000000080000000, 0x0000000100000000)
  region size 1024K, 13 young (13312K), 13 survivors (13312K)
 Metaspace       used 139581K, capacity 143426K, committed 143564K, reserved 1175552K
  class space    used 16987K, capacity 18247K, committed 18380K, reserved 1048576K
}
Event: 373.311 GC heap before
{Heap before GC invocations=88 (full 0):
 garbage-first heap   total 477184K, used 399202K [0x0000000080000000, 0x0000000100000000)
  region size 1024K, 229 young (234496K), 13 survivors (13312K)
 Metaspace       used 139595K, capacity 143427K, committed 143564K, reserved 1175552K
  class space    used 16987K, capacity 18247K, committed 18380K, reserved 1048576K
}
Event: 373.325 GC heap after
{Heap after GC invocations=89 (full 0):
 garbage-first heap   total 477184K, used 180497K [0x0000000080000000, 0x0000000100000000)
  region size 1024K, 15 young (15360K), 15 survivors (15360K)
 Metaspace       used 139595K, capacity 143427K, committed 143564K, reserved 1175552K
  class space    used 16987K, capacity 18247K, committed 18380K, reserved 1048576K
}
Event: 373.693 GC heap before
{Heap before GC invocations=90 (full 0):
 garbage-first heap   total 477184K, used 402705K [0x0000000080000000, 0x0000000100000000)
  region size 1024K, 232 young (237568K), 15 survivors (15360K)
 Metaspace       used 139606K, capacity 143428K, committed 143564K, reserved 1175552K
  class space    used 16987K, capacity 18247K, committed 18380K, reserved 1048576K
}
Event: 373.706 GC heap after
{Heap after GC invocations=91 (full 0):
 garbage-first heap   total 477184K, used 180012K [0x0000000080000000, 0x0000000100000000)
  region size 1024K, 15 young (15360K), 15 survivors (15360K)
 Metaspace       used 139606K, capacity 143428K, committed 143564K, reserved 1175552K
  class space    used 16987K, capacity 18247K, committed 18380K, reserved 1048576K
}
Event: 373.717 GC heap before
{Heap before GC invocations=91 (full 0):
 garbage-first heap   total 477184K, used 188204K [0x0000000080000000, 0x0000000100000000)
  region size 1024K, 23 young (23552K), 15 survivors (15360K)
 Metaspace       used 139608K, capacity 143428K, committed 143564K, reserved 1175552K
  class space    used 16987K, capacity 18247K, committed 18380K, reserved 1048576K
}

