# JRE version: OpenJDK Runtime Environment (11.0.8+10) (build 11.0.8+10-b944.6842174)
# Java VM: OpenJDK 64-Bit Server VM (11.0.8+10-b944.6842174, mixed mode, tiered, compressed oops, g1 gc, windows-amd64)
Heap:
 garbage-first heap   total 461824K, used 180395K [0x0000000080000000, 0x0000000100000000)
  region size 1024K, 4 young (4096K), 4 survivors (4096K)
 Metaspace       used 116714K, capacity 120021K, committed 122316K, reserved 1155072K
  class space    used 14460K, capacity 15680K, committed 16640K, reserved 1048576K
GC Heap History (20 events):
Event: 1262.224 GC heap after
{Heap after GC invocations=66 (full 0):
 garbage-first heap   total 189440K, used 114301K [0x0000000080000000, 0x0000000100000000)
  region size 1024K, 4 young (4096K), 4 survivors (4096K)
 Metaspace       used 116546K, capacity 120623K, committed 120780K, reserved 1153024K
  class space    used 14772K, capacity 16351K, committed 16384K, reserved 1048576K
}
Event: 1262.302 GC heap before
{Heap before GC invocations=66 (full 0):
 garbage-first heap   total 189440K, used 118397K [0x0000000080000000, 0x0000000100000000)
  region size 1024K, 9 young (9216K), 4 survivors (4096K)
 Metaspace       used 116678K, capacity 120701K, committed 120780K, reserved 1153024K
  class space    used 14772K, capacity 16351K, committed 16384K, reserved 1048576K
}
Event: 1262.307 GC heap after
{Heap after GC invocations=67 (full 0):
 garbage-first heap   total 189440K, used 114298K [0x0000000080000000, 0x0000000100000000)
  region size 1024K, 2 young (2048K), 2 survivors (2048K)
 Metaspace       used 116678K, capacity 120701K, committed 120780K, reserved 1153024K
  class space    used 14772K, capacity 16351K, committed 16384K, reserved 1048576K
}
Event: 1262.309 GC heap before
{Heap before GC invocations=67 (full 0):
 garbage-first heap   total 189440K, used 114298K [0x0000000080000000, 0x0000000100000000)
  region size 1024K, 3 young (3072K), 2 survivors (2048K)
 Metaspace       used 116682K, capacity 120765K, committed 121036K, reserved 1155072K
  class space    used 14772K, capacity 16351K, committed 16384K, reserved 1048576K
}
Event: 1262.312 GC heap after
{Heap after GC invocations=68 (full 0):
 garbage-first heap   total 189440K, used 114042K [0x0000000080000000, 0x0000000100000000)
  region size 1024K, 2 young (2048K), 2 survivors (2048K)
 Metaspace       used 116682K, capacity 120765K, committed 121036K, reserved 1155072K
  class space    used 14772K, capacity 16351K, committed 16384K, reserved 1048576K
}
Event: 1262.670 GC heap before
{Heap before GC invocations=69 (full 0):
 garbage-first heap   total 189440K, used 174458K [0x0000000080000000, 0x0000000100000000)
  region size 1024K, 34 young (34816K), 2 survivors (2048K)
 Metaspace       used 115690K, capacity 118906K, committed 121420K, reserved 1155072K
  class space    used 14306K, capacity 15464K, committed 16512K, reserved 1048576K
}
Event: 1262.684 GC heap after
{Heap after GC invocations=70 (full 0):
 garbage-first heap   total 189440K, used 141193K [0x0000000080000000, 0x0000000100000000)
  region size 1024K, 5 young (5120K), 5 survivors (5120K)
 Metaspace       used 115690K, capacity 118906K, committed 121420K, reserved 1155072K
  class space    used 14306K, capacity 15464K, committed 16512K, reserved 1048576K
}
Event: 1262.700 GC heap before
{Heap before GC invocations=70 (full 0):
 garbage-first heap   total 189440K, used 145289K [0x0000000080000000, 0x0000000100000000)
  region size 1024K, 9 young (9216K), 5 survivors (5120K)
 Metaspace       used 115690K, capacity 118906K, committed 121420K, reserved 1155072K
  class space    used 14306K, capacity 15464K, committed 16512K, reserved 1048576K
}
Event: 1262.714 GC heap after
{Heap after GC invocations=71 (full 0):
 garbage-first heap   total 189440K, used 129490K [0x0000000080000000, 0x0000000100000000)
  region size 1024K, 2 young (2048K), 2 survivors (2048K)
 Metaspace       used 115690K, capacity 118906K, committed 121420K, reserved 1155072K
  class space    used 14306K, capacity 15464K, committed 16512K, reserved 1048576K
}
Event: 1262.750 GC heap before
{Heap before GC invocations=71 (full 0):
 garbage-first heap   total 189440K, used 137682K [0x0000000080000000, 0x0000000100000000)
  region size 1024K, 9 young (9216K), 2 survivors (2048K)
 Metaspace       used 115690K, capacity 118906K, committed 121420K, reserved 1155072K
  class space    used 14306K, capacity 15464K, committed 16512K, reserved 1048576K
}
Event: 1262.765 GC heap after
{Heap after GC invocations=72 (full 0):
 garbage-first heap   total 189440K, used 129595K [0x0000000080000000, 0x0000000100000000)
  region size 1024K, 2 young (2048K), 2 survivors (2048K)
 Metaspace       used 115690K, capacity 118906K, committed 121420K, reserved 1155072K
  class space    used 14306K, capacity 15464K, committed 16512K, reserved 1048576K
}
Event: 1262.967 GC heap before
{Heap before GC invocations=72 (full 0):
 garbage-first heap   total 189440K, used 150075K [0x0000000080000000, 0x0000000100000000)
  region size 1024K, 23 young (23552K), 2 survivors (2048K)
 Metaspace       used 116515K, capacity 119831K, committed 122060K, reserved 1155072K
  class space    used 14457K, capacity 15646K, committed 16640K, reserved 1048576K
}
Event: 1262.985 GC heap after
{Heap after GC invocations=73 (full 0):
 garbage-first heap   total 244736K, used 141312K [0x0000000080000000, 0x0000000100000000)
  region size 1024K, 3 young (3072K), 3 survivors (3072K)
 Metaspace       used 116515K, capacity 119831K, committed 122060K, reserved 1155072K
  class space    used 14457K, capacity 15646K, committed 16640K, reserved 1048576K
}
Event: 1263.265 GC heap before
{Heap before GC invocations=74 (full 0):
 garbage-first heap   total 244736K, used 176128K [0x0000000080000000, 0x0000000100000000)
  region size 1024K, 38 young (38912K), 3 survivors (3072K)
 Metaspace       used 116549K, capacity 119897K, committed 122316K, reserved 1155072K
  class space    used 14457K, capacity 15646K, committed 16640K, reserved 1048576K
}
Event: 1263.287 GC heap after
{Heap after GC invocations=75 (full 0):
 garbage-first heap   total 244736K, used 162254K [0x0000000080000000, 0x0000000100000000)
  region size 1024K, 5 young (5120K), 5 survivors (5120K)
 Metaspace       used 116549K, capacity 119897K, committed 122316K, reserved 1155072K
  class space    used 14457K, capacity 15646K, committed 16640K, reserved 1048576K
}
Event: 1263.323 GC heap before
{Heap before GC invocations=75 (full 0):
 garbage-first heap   total 244736K, used 170446K [0x0000000080000000, 0x0000000100000000)
  region size 1024K, 11 young (11264K), 5 survivors (5120K)
 Metaspace       used 116549K, capacity 119897K, committed 122316K, reserved 1155072K
  class space    used 14457K, capacity 15646K, committed 16640K, reserved 1048576K
}
Event: 1263.341 GC heap after
{Heap after GC invocations=76 (full 0):
 garbage-first heap   total 244736K, used 164489K [0x0000000080000000, 0x0000000100000000)
  region size 1024K, 2 young (2048K), 2 survivors (2048K)
 Metaspace       used 116549K, capacity 119897K, committed 122316K, reserved 1155072K
  class space    used 14457K, capacity 15646K, committed 16640K, reserved 1048576K
}
Event: 1263.484 GC heap before
{Heap before GC invocations=76 (full 0):
 garbage-first heap   total 244736K, used 187017K [0x0000000080000000, 0x0000000100000000)
  region size 1024K, 25 young (25600K), 2 survivors (2048K)
 Metaspace       used 116645K, capacity 120014K, committed 122316K, reserved 1155072K
  class space    used 14460K, capacity 15680K, committed 16640K, reserved 1048576K
}
Event: 1263.499 GC heap after
{Heap after GC invocations=77 (full 0):
 garbage-first heap   total 244736K, used 173284K [0x0000000080000000, 0x0000000100000000)
  region size 1024K, 4 young (4096K), 4 survivors (4096K)
 Metaspace       used 116645K, capacity 120014K, committed 122316K, reserved 1155072K
  class space    used 14460K, capacity 15680K, committed 16640K, reserved 1048576K
}
Event: 1263.730 GC heap before
{Heap before GC invocations=77 (full 0):
 garbage-first heap   total 244736K, used 194788K [0x0000000080000000, 0x0000000100000000)
  region size 1024K, 25 young (25600K), 4 survivors (4096K)
 Metaspace       used 116714K, capacity 120021K, committed 122316K, reserved 1155072K
  class space    used 14460K, capacity 15680K, committed 16640K, reserved 1048576K
}

