# JRE version: OpenJDK Runtime Environment (11.0.8+10) (build 11.0.8+10-b944.6842174)
# Java VM: OpenJDK 64-Bit Server VM (11.0.8+10-b944.6842174, mixed mode, tiered, compressed oops, g1 gc, windows-amd64)
Heap:
 garbage-first heap   total 555008K, used 148998K [0x0000000080000000, 0x0000000100000000)
  region size 1024K, 25 young (25600K), 25 survivors (25600K)
 Metaspace       used 97522K, capacity 100258K, committed 100504K, reserved 1136640K
  class space    used 12615K, capacity 13724K, committed 13824K, reserved 1048576K
GC Heap History (20 events):
Event: 10.862 GC heap after
{Heap after GC invocations=27 (full 0):
 garbage-first heap   total 273408K, used 114138K [0x0000000080000000, 0x0000000100000000)
  region size 1024K, 9 young (9216K), 9 survivors (9216K)
 Metaspace       used 94531K, capacity 97096K, committed 97304K, reserved 1132544K
  class space    used 12371K, capacity 13384K, committed 13440K, reserved 1048576K
}
Event: 11.076 GC heap before
{Heap before GC invocations=27 (full 0):
 garbage-first heap   total 273408K, used 220634K [0x0000000080000000, 0x0000000100000000)
  region size 1024K, 113 young (115712K), 9 survivors (9216K)
 Metaspace       used 94685K, capacity 97228K, committed 97304K, reserved 1132544K
  class space    used 12372K, capacity 13384K, committed 13440K, reserved 1048576K
}
Event: 11.086 GC heap after
{Heap after GC invocations=28 (full 0):
 garbage-first heap   total 273408K, used 115861K [0x0000000080000000, 0x0000000100000000)
  region size 1024K, 8 young (8192K), 8 survivors (8192K)
 Metaspace       used 94685K, capacity 97228K, committed 97304K, reserved 1132544K
  class space    used 12372K, capacity 13384K, committed 13440K, reserved 1048576K
}
Event: 11.300 GC heap before
{Heap before GC invocations=28 (full 0):
 garbage-first heap   total 273408K, used 227477K [0x0000000080000000, 0x0000000100000000)
  region size 1024K, 117 young (119808K), 8 survivors (8192K)
 Metaspace       used 94950K, capacity 97493K, committed 97560K, reserved 1134592K
  class space    used 12373K, capacity 13384K, committed 13440K, reserved 1048576K
}
Event: 11.311 GC heap after
{Heap after GC invocations=29 (full 0):
 garbage-first heap   total 328704K, used 117343K [0x0000000080000000, 0x0000000100000000)
  region size 1024K, 10 young (10240K), 10 survivors (10240K)
 Metaspace       used 94950K, capacity 97493K, committed 97560K, reserved 1134592K
  class space    used 12373K, capacity 13384K, committed 13440K, reserved 1048576K
}
Event: 11.530 GC heap before
{Heap before GC invocations=29 (full 0):
 garbage-first heap   total 328704K, used 250463K [0x0000000080000000, 0x0000000100000000)
  region size 1024K, 140 young (143360K), 10 survivors (10240K)
 Metaspace       used 95193K, capacity 97702K, committed 97816K, reserved 1134592K
  class space    used 12373K, capacity 13384K, committed 13440K, reserved 1048576K
}
Event: 11.541 GC heap after
{Heap after GC invocations=30 (full 0):
 garbage-first heap   total 328704K, used 119655K [0x0000000080000000, 0x0000000100000000)
  region size 1024K, 12 young (12288K), 12 survivors (12288K)
 Metaspace       used 95193K, capacity 97702K, committed 97816K, reserved 1134592K
  class space    used 12373K, capacity 13384K, committed 13440K, reserved 1048576K
}
Event: 11.738 GC heap before
{Heap before GC invocations=30 (full 0):
 garbage-first heap   total 328704K, used 276327K [0x0000000080000000, 0x0000000100000000)
  region size 1024K, 165 young (168960K), 12 survivors (12288K)
 Metaspace       used 95379K, capacity 97901K, committed 98072K, reserved 1134592K
  class space    used 12380K, capacity 13384K, committed 13440K, reserved 1048576K
}
Event: 11.749 GC heap after
{Heap after GC invocations=31 (full 0):
 garbage-first heap   total 328704K, used 121553K [0x0000000080000000, 0x0000000100000000)
  region size 1024K, 12 young (12288K), 12 survivors (12288K)
 Metaspace       used 95379K, capacity 97901K, committed 98072K, reserved 1134592K
  class space    used 12380K, capacity 13384K, committed 13440K, reserved 1048576K
}
Event: 11.904 GC heap before
{Heap before GC invocations=31 (full 0):
 garbage-first heap   total 328704K, used 279249K [0x0000000080000000, 0x0000000100000000)
  region size 1024K, 166 young (169984K), 12 survivors (12288K)
 Metaspace       used 95417K, capacity 97905K, committed 98072K, reserved 1134592K
  class space    used 12380K, capacity 13384K, committed 13440K, reserved 1048576K
}
Event: 11.914 GC heap after
{Heap after GC invocations=32 (full 0):
 garbage-first heap   total 328704K, used 123020K [0x0000000080000000, 0x0000000100000000)
  region size 1024K, 12 young (12288K), 12 survivors (12288K)
 Metaspace       used 95417K, capacity 97905K, committed 98072K, reserved 1134592K
  class space    used 12380K, capacity 13384K, committed 13440K, reserved 1048576K
}
Event: 12.145 GC heap before
{Heap before GC invocations=32 (full 0):
 garbage-first heap   total 328704K, used 281740K [0x0000000080000000, 0x0000000100000000)
  region size 1024K, 167 young (171008K), 12 survivors (12288K)
 Metaspace       used 96143K, capacity 98702K, committed 98968K, reserved 1134592K
  class space    used 12477K, capacity 13500K, committed 13568K, reserved 1048576K
}
Event: 12.162 GC heap after
{Heap after GC invocations=33 (full 0):
 garbage-first heap   total 409600K, used 126419K [0x0000000080000000, 0x0000000100000000)
  region size 1024K, 13 young (13312K), 13 survivors (13312K)
 Metaspace       used 96143K, capacity 98702K, committed 98968K, reserved 1134592K
  class space    used 12477K, capacity 13500K, committed 13568K, reserved 1048576K
}
Event: 12.577 GC heap before
{Heap before GC invocations=33 (full 0):
 garbage-first heap   total 409600K, used 336339K [0x0000000080000000, 0x0000000100000000)
  region size 1024K, 217 young (222208K), 13 survivors (13312K)
 Metaspace       used 96971K, capacity 99622K, committed 99864K, reserved 1136640K
  class space    used 12580K, capacity 13649K, committed 13696K, reserved 1048576K
}
Event: 12.590 GC heap after
{Heap after GC invocations=34 (full 0):
 garbage-first heap   total 409600K, used 128507K [0x0000000080000000, 0x0000000100000000)
  region size 1024K, 15 young (15360K), 15 survivors (15360K)
 Metaspace       used 96971K, capacity 99622K, committed 99864K, reserved 1136640K
  class space    used 12580K, capacity 13649K, committed 13696K, reserved 1048576K
}
Event: 13.008 GC heap before
{Heap before GC invocations=34 (full 0):
 garbage-first heap   total 409600K, used 351739K [0x0000000080000000, 0x0000000100000000)
  region size 1024K, 233 young (238592K), 15 survivors (15360K)
 Metaspace       used 97202K, capacity 99914K, committed 100248K, reserved 1136640K
  class space    used 12611K, capacity 13719K, committed 13824K, reserved 1048576K
}
Event: 13.023 GC heap after
{Heap after GC invocations=35 (full 0):
 garbage-first heap   total 409600K, used 130994K [0x0000000080000000, 0x0000000100000000)
  region size 1024K, 17 young (17408K), 17 survivors (17408K)
 Metaspace       used 97202K, capacity 99914K, committed 100248K, reserved 1136640K
  class space    used 12611K, capacity 13719K, committed 13824K, reserved 1048576K
}
Event: 13.378 GC heap before
{Heap before GC invocations=35 (full 0):
 garbage-first heap   total 409600K, used 351154K [0x0000000080000000, 0x0000000100000000)
  region size 1024K, 232 young (237568K), 17 survivors (17408K)
 Metaspace       used 97373K, capacity 100096K, committed 100248K, reserved 1136640K
  class space    used 12615K, capacity 13723K, committed 13824K, reserved 1048576K
}
Event: 13.397 GC heap after
{Heap after GC invocations=36 (full 0):
 garbage-first heap   total 409600K, used 137464K [0x0000000080000000, 0x0000000100000000)
  region size 1024K, 21 young (21504K), 21 survivors (21504K)
 Metaspace       used 97373K, capacity 100096K, committed 100248K, reserved 1136640K
  class space    used 12615K, capacity 13723K, committed 13824K, reserved 1048576K
}
Event: 13.637 GC heap before
{Heap before GC invocations=36 (full 0):
 garbage-first heap   total 409600K, used 345336K [0x0000000080000000, 0x0000000100000000)
  region size 1024K, 225 young (230400K), 21 survivors (21504K)
 Metaspace       used 97522K, capacity 100258K, committed 100504K, reserved 1136640K
  class space    used 12615K, capacity 13724K, committed 13824K, reserved 1048576K
}

