# JRE version: OpenJDK Runtime Environment (11.0.8+10) (build 11.0.8+10-b944.6842174)
# Java VM: OpenJDK 64-Bit Server VM (11.0.8+10-b944.6842174, mixed mode, tiered, compressed oops, g1 gc, windows-amd64)
Heap:
 garbage-first heap   total 378880K, used 165631K [0x0000000080000000, 0x0000000100000000)
  region size 1024K, 5 young (5120K), 5 survivors (5120K)
 Metaspace       used 84704K, capacity 86893K, committed 87244K, reserved 1124352K
  class space    used 11129K, capacity 11931K, committed 12032K, reserved 1048576K
GC Heap History (20 events):
Event: 8.954 GC heap after
{Heap after GC invocations=17 (full 0):
 garbage-first heap   total 157696K, used 64833K [0x0000000080000000, 0x0000000100000000)
  region size 1024K, 8 young (8192K), 8 survivors (8192K)
 Metaspace       used 76962K, capacity 79043K, committed 79180K, reserved 1118208K
  class space    used 10031K, capacity 10756K, committed 10880K, reserved 1048576K
}
Event: 9.280 GC heap before
{Heap before GC invocations=17 (full 0):
 garbage-first heap   total 157696K, used 124225K [0x0000000080000000, 0x0000000100000000)
  region size 1024K, 67 young (68608K), 8 survivors (8192K)
 Metaspace       used 77239K, capacity 79283K, committed 79436K, reserved 1118208K
  class space    used 10043K, capacity 10760K, committed 10880K, reserved 1048576K
}
Event: 9.290 GC heap after
{Heap after GC invocations=18 (full 0):
 garbage-first heap   total 189440K, used 66716K [0x0000000080000000, 0x0000000100000000)
  region size 1024K, 6 young (6144K), 6 survivors (6144K)
 Metaspace       used 77239K, capacity 79283K, committed 79436K, reserved 1118208K
  class space    used 10043K, capacity 10760K, committed 10880K, reserved 1048576K
}
Event: 9.626 GC heap before
{Heap before GC invocations=18 (full 0):
 garbage-first heap   total 189440K, used 119964K [0x0000000080000000, 0x0000000100000000)
  region size 1024K, 44 young (45056K), 6 survivors (6144K)
 Metaspace       used 79952K, capacity 81986K, committed 82124K, reserved 1120256K
  class space    used 10433K, capacity 11172K, committed 11264K, reserved 1048576K
}
Event: 9.632 GC heap after
{Heap after GC invocations=19 (full 0):
 garbage-first heap   total 189440K, used 85003K [0x0000000080000000, 0x0000000100000000)
  region size 1024K, 8 young (8192K), 8 survivors (8192K)
 Metaspace       used 79952K, capacity 81986K, committed 82124K, reserved 1120256K
  class space    used 10433K, capacity 11172K, committed 11264K, reserved 1048576K
}
Event: 9.743 GC heap before
{Heap before GC invocations=20 (full 0):
 garbage-first heap   total 189440K, used 107531K [0x0000000080000000, 0x0000000100000000)
  region size 1024K, 24 young (24576K), 8 survivors (8192K)
 Metaspace       used 80082K, capacity 82040K, committed 82636K, reserved 1120256K
  class space    used 10420K, capacity 11125K, committed 11264K, reserved 1048576K
}
Event: 9.753 GC heap after
{Heap after GC invocations=21 (full 0):
 garbage-first heap   total 189440K, used 91491K [0x0000000080000000, 0x0000000100000000)
  region size 1024K, 9 young (9216K), 9 survivors (9216K)
 Metaspace       used 80082K, capacity 82040K, committed 82636K, reserved 1120256K
  class space    used 10420K, capacity 11125K, committed 11264K, reserved 1048576K
}
Event: 9.887 GC heap before
{Heap before GC invocations=22 (full 0):
 garbage-first heap   total 189440K, used 112995K [0x0000000080000000, 0x0000000100000000)
  region size 1024K, 29 young (29696K), 9 survivors (9216K)
 Metaspace       used 80114K, capacity 82041K, committed 82636K, reserved 1120256K
  class space    used 10420K, capacity 11125K, committed 11264K, reserved 1048576K
}
Event: 9.915 GC heap after
{Heap after GC invocations=23 (full 0):
 garbage-first heap   total 189440K, used 100945K [0x0000000080000000, 0x0000000100000000)
  region size 1024K, 8 young (8192K), 8 survivors (8192K)
 Metaspace       used 80114K, capacity 82041K, committed 82636K, reserved 1120256K
  class space    used 10420K, capacity 11125K, committed 11264K, reserved 1048576K
}
Event: 10.201 GC heap before
{Heap before GC invocations=24 (full 0):
 garbage-first heap   total 189440K, used 135761K [0x0000000080000000, 0x0000000100000000)
  region size 1024K, 42 young (43008K), 8 survivors (8192K)
 Metaspace       used 82042K, capacity 84008K, committed 84300K, reserved 1122304K
  class space    used 10783K, capacity 11503K, committed 11648K, reserved 1048576K
}
Event: 10.235 GC heap after
{Heap after GC invocations=25 (full 0):
 garbage-first heap   total 189440K, used 117677K [0x0000000080000000, 0x0000000100000000)
  region size 1024K, 6 young (6144K), 6 survivors (6144K)
 Metaspace       used 82042K, capacity 84008K, committed 84300K, reserved 1122304K
  class space    used 10783K, capacity 11503K, committed 11648K, reserved 1048576K
}
Event: 10.416 GC heap before
{Heap before GC invocations=25 (full 0):
 garbage-first heap   total 189440K, used 142253K [0x0000000080000000, 0x0000000100000000)
  region size 1024K, 31 young (31744K), 6 survivors (6144K)
 Metaspace       used 82094K, capacity 84075K, committed 84556K, reserved 1122304K
  class space    used 10783K, capacity 11503K, committed 11648K, reserved 1048576K
}
Event: 10.436 GC heap after
{Heap after GC invocations=26 (full 0):
 garbage-first heap   total 260096K, used 133120K [0x0000000080000000, 0x0000000100000000)
  region size 1024K, 4 young (4096K), 4 survivors (4096K)
 Metaspace       used 82094K, capacity 84075K, committed 84556K, reserved 1122304K
  class space    used 10783K, capacity 11503K, committed 11648K, reserved 1048576K
}
Event: 10.803 GC heap before
{Heap before GC invocations=27 (full 0):
 garbage-first heap   total 260096K, used 174080K [0x0000000080000000, 0x0000000100000000)
  region size 1024K, 44 young (45056K), 4 survivors (4096K)
 Metaspace       used 84002K, capacity 86136K, committed 86348K, reserved 1124352K
  class space    used 11081K, capacity 11885K, committed 11904K, reserved 1048576K
}
Event: 10.820 GC heap after
{Heap after GC invocations=28 (full 0):
 garbage-first heap   total 260096K, used 150912K [0x0000000080000000, 0x0000000100000000)
  region size 1024K, 6 young (6144K), 6 survivors (6144K)
 Metaspace       used 84002K, capacity 86136K, committed 86348K, reserved 1124352K
  class space    used 11081K, capacity 11885K, committed 11904K, reserved 1048576K
}
Event: 11.208 GC heap before
{Heap before GC invocations=29 (full 0):
 garbage-first heap   total 260096K, used 177536K [0x0000000080000000, 0x0000000100000000)
  region size 1024K, 42 young (43008K), 6 survivors (6144K)
 Metaspace       used 84480K, capacity 86638K, committed 86988K, reserved 1124352K
  class space    used 11119K, capacity 11918K, committed 12032K, reserved 1048576K
}
Event: 11.234 GC heap after
{Heap after GC invocations=30 (full 0):
 garbage-first heap   total 260096K, used 151175K [0x0000000080000000, 0x0000000100000000)
  region size 1024K, 6 young (6144K), 6 survivors (6144K)
 Metaspace       used 84480K, capacity 86638K, committed 86988K, reserved 1124352K
  class space    used 11119K, capacity 11918K, committed 12032K, reserved 1048576K
}
Event: 11.254 GC heap before
{Heap before GC invocations=30 (full 0):
 garbage-first heap   total 260096K, used 153223K [0x0000000080000000, 0x0000000100000000)
  region size 1024K, 9 young (9216K), 6 survivors (6144K)
 Metaspace       used 84481K, capacity 86638K, committed 86988K, reserved 1124352K
  class space    used 11119K, capacity 11918K, committed 12032K, reserved 1048576K
}
Event: 11.266 GC heap after
{Heap after GC invocations=31 (full 0):
 garbage-first heap   total 260096K, used 153085K [0x0000000080000000, 0x0000000100000000)
  region size 1024K, 2 young (2048K), 2 survivors (2048K)
 Metaspace       used 84481K, capacity 86638K, committed 86988K, reserved 1124352K
  class space    used 11119K, capacity 11918K, committed 12032K, reserved 1048576K
}
Event: 11.788 GC heap before
{Heap before GC invocations=32 (full 0):
 garbage-first heap   total 260096K, used 183805K [0x0000000080000000, 0x0000000100000000)
  region size 1024K, 25 young (25600K), 2 survivors (2048K)
 Metaspace       used 84704K, capacity 86893K, committed 87244K, reserved 1124352K
  class space    used 11129K, capacity 11931K, committed 12032K, reserved 1048576K
}

