# JRE version: OpenJDK Runtime Environment (11.0.8+10) (build 11.0.8+10-b944.6842174)
# Java VM: OpenJDK 64-Bit Server VM (11.0.8+10-b944.6842174, mixed mode, tiered, compressed oops, g1 gc, windows-amd64)
Heap:
 garbage-first heap   total 483328K, used 138623K [0x0000000080000000, 0x0000000100000000)
  region size 1024K, 14 young (14336K), 14 survivors (14336K)
 Metaspace       used 92971K, capacity 95340K, committed 97356K, reserved 1132544K
  class space    used 12016K, capacity 12884K, committed 13696K, reserved 1048576K
GC Heap History (20 events):
Event: 10.517 GC heap after
{Heap after GC invocations=28 (full 0):
 garbage-first heap   total 273408K, used 129911K [0x0000000080000000, 0x0000000100000000)
  region size 1024K, 2 young (2048K), 2 survivors (2048K)
 Metaspace       used 92113K, capacity 94469K, committed 96588K, reserved 1132544K
  class space    used 11993K, capacity 12870K, committed 13696K, reserved 1048576K
}
Event: 10.686 GC heap before
{Heap before GC invocations=28 (full 0):
 garbage-first heap   total 273408K, used 216951K [0x0000000080000000, 0x0000000100000000)
  region size 1024K, 87 young (89088K), 2 survivors (2048K)
 Metaspace       used 92322K, capacity 94681K, committed 96844K, reserved 1132544K
  class space    used 12001K, capacity 12873K, committed 13696K, reserved 1048576K
}
Event: 10.693 GC heap after
{Heap after GC invocations=29 (full 0):
 garbage-first heap   total 328704K, used 130624K [0x0000000080000000, 0x0000000100000000)
  region size 1024K, 2 young (2048K), 2 survivors (2048K)
 Metaspace       used 92322K, capacity 94681K, committed 96844K, reserved 1132544K
  class space    used 12001K, capacity 12873K, committed 13696K, reserved 1048576K
}
Event: 11.005 GC heap before
{Heap before GC invocations=30 (full 0):
 garbage-first heap   total 328704K, used 242240K [0x0000000080000000, 0x0000000100000000)
  region size 1024K, 111 young (113664K), 2 survivors (2048K)
 Metaspace       used 92492K, capacity 94827K, committed 96844K, reserved 1132544K
  class space    used 12003K, capacity 12875K, committed 13696K, reserved 1048576K
}
Event: 11.009 GC heap after
{Heap after GC invocations=31 (full 0):
 garbage-first heap   total 328704K, used 131451K [0x0000000080000000, 0x0000000100000000)
  region size 1024K, 3 young (3072K), 3 survivors (3072K)
 Metaspace       used 92492K, capacity 94827K, committed 96844K, reserved 1132544K
  class space    used 12003K, capacity 12875K, committed 13696K, reserved 1048576K
}
Event: 11.032 GC heap before
{Heap before GC invocations=31 (full 0):
 garbage-first heap   total 328704K, used 144763K [0x0000000080000000, 0x0000000100000000)
  region size 1024K, 16 young (16384K), 3 survivors (3072K)
 Metaspace       used 92516K, capacity 94891K, committed 96844K, reserved 1132544K
  class space    used 12003K, capacity 12875K, committed 13696K, reserved 1048576K
}
Event: 11.038 GC heap after
{Heap after GC invocations=32 (full 0):
 garbage-first heap   total 328704K, used 124796K [0x0000000080000000, 0x0000000100000000)
  region size 1024K, 1 young (1024K), 1 survivors (1024K)
 Metaspace       used 92516K, capacity 94891K, committed 96844K, reserved 1132544K
  class space    used 12003K, capacity 12875K, committed 13696K, reserved 1048576K
}
Event: 11.250 GC heap before
{Heap before GC invocations=32 (full 0):
 garbage-first heap   total 328704K, used 254844K [0x0000000080000000, 0x0000000100000000)
  region size 1024K, 128 young (131072K), 1 survivors (1024K)
 Metaspace       used 92607K, capacity 94963K, committed 97100K, reserved 1132544K
  class space    used 12003K, capacity 12876K, committed 13696K, reserved 1048576K
}
Event: 11.256 GC heap after
{Heap after GC invocations=33 (full 0):
 garbage-first heap   total 328704K, used 126453K [0x0000000080000000, 0x0000000100000000)
  region size 1024K, 3 young (3072K), 3 survivors (3072K)
 Metaspace       used 92607K, capacity 94963K, committed 97100K, reserved 1132544K
  class space    used 12003K, capacity 12876K, committed 13696K, reserved 1048576K
}
Event: 11.476 GC heap before
{Heap before GC invocations=33 (full 0):
 garbage-first heap   total 328704K, used 266741K [0x0000000080000000, 0x0000000100000000)
  region size 1024K, 140 young (143360K), 3 survivors (3072K)
 Metaspace       used 92649K, capacity 94970K, committed 97100K, reserved 1132544K
  class space    used 12004K, capacity 12877K, committed 13696K, reserved 1048576K
}
Event: 11.482 GC heap after
{Heap after GC invocations=34 (full 0):
 garbage-first heap   total 328704K, used 128725K [0x0000000080000000, 0x0000000100000000)
  region size 1024K, 5 young (5120K), 5 survivors (5120K)
 Metaspace       used 92649K, capacity 94970K, committed 97100K, reserved 1132544K
  class space    used 12004K, capacity 12877K, committed 13696K, reserved 1048576K
}
Event: 11.718 GC heap before
{Heap before GC invocations=34 (full 0):
 garbage-first heap   total 328704K, used 273109K [0x0000000080000000, 0x0000000100000000)
  region size 1024K, 146 young (149504K), 5 survivors (5120K)
 Metaspace       used 92718K, capacity 95035K, committed 97100K, reserved 1132544K
  class space    used 12011K, capacity 12877K, committed 13696K, reserved 1048576K
}
Event: 11.729 GC heap after
{Heap after GC invocations=35 (full 0):
 garbage-first heap   total 395264K, used 129857K [0x0000000080000000, 0x0000000100000000)
  region size 1024K, 6 young (6144K), 6 survivors (6144K)
 Metaspace       used 92718K, capacity 95035K, committed 97100K, reserved 1132544K
  class space    used 12011K, capacity 12877K, committed 13696K, reserved 1048576K
}
Event: 12.053 GC heap before
{Heap before GC invocations=35 (full 0):
 garbage-first heap   total 395264K, used 310081K [0x0000000080000000, 0x0000000100000000)
  region size 1024K, 182 young (186368K), 6 survivors (6144K)
 Metaspace       used 92748K, capacity 95040K, committed 97100K, reserved 1132544K
  class space    used 12011K, capacity 12877K, committed 13696K, reserved 1048576K
}
Event: 12.061 GC heap after
{Heap after GC invocations=36 (full 0):
 garbage-first heap   total 395264K, used 131696K [0x0000000080000000, 0x0000000100000000)
  region size 1024K, 8 young (8192K), 8 survivors (8192K)
 Metaspace       used 92748K, capacity 95040K, committed 97100K, reserved 1132544K
  class space    used 12011K, capacity 12877K, committed 13696K, reserved 1048576K
}
Event: 12.379 GC heap before
{Heap before GC invocations=36 (full 0):
 garbage-first heap   total 395264K, used 327280K [0x0000000080000000, 0x0000000100000000)
  region size 1024K, 199 young (203776K), 8 survivors (8192K)
 Metaspace       used 92771K, capacity 95104K, committed 97100K, reserved 1132544K
  class space    used 12011K, capacity 12877K, committed 13696K, reserved 1048576K
}
Event: 12.391 GC heap after
{Heap after GC invocations=37 (full 0):
 garbage-first heap   total 395264K, used 136178K [0x0000000080000000, 0x0000000100000000)
  region size 1024K, 12 young (12288K), 12 survivors (12288K)
 Metaspace       used 92771K, capacity 95104K, committed 97100K, reserved 1132544K
  class space    used 12011K, capacity 12877K, committed 13696K, reserved 1048576K
}
Event: 12.637 GC heap before
{Heap before GC invocations=37 (full 0):
 garbage-first heap   total 395264K, used 336882K [0x0000000080000000, 0x0000000100000000)
  region size 1024K, 208 young (212992K), 12 survivors (12288K)
 Metaspace       used 92853K, capacity 95240K, committed 97356K, reserved 1132544K
  class space    used 12011K, capacity 12877K, committed 13696K, reserved 1048576K
}
Event: 12.648 GC heap after
{Heap after GC invocations=38 (full 0):
 garbage-first heap   total 395264K, used 137599K [0x0000000080000000, 0x0000000100000000)
  region size 1024K, 13 young (13312K), 13 survivors (13312K)
 Metaspace       used 92853K, capacity 95240K, committed 97356K, reserved 1132544K
  class space    used 12011K, capacity 12877K, committed 13696K, reserved 1048576K
}
Event: 13.038 GC heap before
{Heap before GC invocations=38 (full 0):
 garbage-first heap   total 395264K, used 339327K [0x0000000080000000, 0x0000000100000000)
  region size 1024K, 210 young (215040K), 13 survivors (13312K)
 Metaspace       used 92971K, capacity 95340K, committed 97356K, reserved 1132544K
  class space    used 12016K, capacity 12884K, committed 13696K, reserved 1048576K
}

